[2025-04-05 03:35:26Z INFO HostContext] No proxy settings were found based on environmental variables (http_proxy/https_proxy/HTTP_PROXY/HTTPS_PROXY)
[2025-04-05 03:35:26Z INFO HostContext] Well known directory 'Bin': 'C:\Data\POC\gh-actions-demo\actions-runner\bin'
[2025-04-05 03:35:26Z INFO HostContext] Well known directory 'Root': 'C:\Data\POC\gh-actions-demo\actions-runner'
[2025-04-05 03:35:26Z INFO HostContext] Well known config file 'Credentials': 'C:\Data\POC\gh-actions-demo\actions-runner\.credentials'
[2025-04-05 03:35:26Z INFO HostContext] Well known directory 'Bin': 'C:\Data\POC\gh-actions-demo\actions-runner\bin'
[2025-04-05 03:35:26Z INFO HostContext] Well known directory 'Root': 'C:\Data\POC\gh-actions-demo\actions-runner'
[2025-04-05 03:35:26Z INFO HostContext] Well known config file 'Runner': 'C:\Data\POC\gh-actions-demo\actions-runner\.runner'
[2025-04-05 03:35:26Z INFO Worker] Version: 2.323.0
[2025-04-05 03:35:26Z INFO Worker] Commit: d8b82f44a9ec0258904d5869ae683c31d5aac299
[2025-04-05 03:35:26Z INFO Worker] Culture: en-US
[2025-04-05 03:35:26Z INFO Worker] UI Culture: en-US
[2025-04-05 03:35:26Z INFO Worker] Waiting to receive the job message from the channel.
[2025-04-05 03:35:26Z INFO ProcessChannel] Receiving message of length 16811, with hash 'd506f6d4a6cc20064e963fe085206d6b57fdf9b800c9dc7effa9e9b81f1a7660'
[2025-04-05 03:35:26Z INFO Worker] Message received.
[2025-04-05 03:35:27Z INFO Worker] Job message:
 {
  "fileTable": [
    ".github/workflows/playground.yml"
  ],
  "mask": [
    {
      "type": "regex",
      "value": "***"
    },
    {
      "type": "regex",
      "value": "***"
    },
    {
      "type": "regex",
      "value": "***"
    },
    {
      "type": "regex",
      "value": "***"
    },
    {
      "type": "regex",
      "value": "***"
    },
    {
      "type": "regex",
      "value": "***"
    },
    {
      "type": "regex",
      "value": "***"
    },
    {
      "type": "regex",
      "value": "***"
    },
    {
      "type": "regex",
      "value": "***"
    },
    {
      "type": "regex",
      "value": "***"
    },
    {
      "type": "regex",
      "value": "***"
    },
    {
      "type": "regex",
      "value": "***"
    },
    {
      "type": "regex",
      "value": "***"
    },
    {
      "type": "regex",
      "value": "***"
    },
    {
      "type": "regex",
      "value": "***"
    },
    {
      "type": "regex",
      "value": "***"
    },
    {
      "type": "regex",
      "value": "***"
    },
    {
      "type": "regex",
      "value": "***"
    }
  ],
  "steps": [
    {
      "type": "action",
      "reference": {
        "type": "script"
      },
      "displayNameToken": {
        "type": 0,
        "file": 1,
        "line": 37,
        "col": 17,
        "lit": "python version"
      },
      "contextName": "__run",
      "inputs": {
        "type": 2,
        "map": [
          {
            "key": "script",
            "value": {
              "type": 0,
              "file": 1,
              "line": 38,
              "col": 16,
              "lit": "python --version"
            }
          }
        ]
      },
      "condition": "success()",
      "id": "d0b7aa65-6d82-4cba-8c31-55e79f5eff32",
      "name": "__run"
    }
  ],
  "variables": {
    "Actions.EnableHttpRedirects": {
      "value": "true"
    },
    "DistributedTask.AddWarningToNode12Action": {
      "value": "true"
    },
    "DistributedTask.AddWarningToNode16Action": {
      "value": "true"
    },
    "DistributedTask.AllowRunnerContainerHooks": {
      "value": "true"
    },
    "DistributedTask.DeprecateStepOutputCommands": {
      "value": "true"
    },
    "DistributedTask.DetailUntarFailure": {
      "value": "true"
    },
    "DistributedTask.EnableCompositeActions": {
      "value": "true"
    },
    "DistributedTask.EnableJobServerQueueTelemetry": {
      "value": "true"
    },
    "DistributedTask.EnhancedAnnotations": {
      "value": "true"
    },
    "DistributedTask.ForceGithubJavascriptActionsToNode16": {
      "value": "true"
    },
    "DistributedTask.ForceGithubJavascriptActionsToNode20": {
      "value": "true"
    },
    "DistributedTask.LogTemplateErrorsAsDebugMessages": {
      "value": "true"
    },
    "DistributedTask.MarkJobAsFailedOnWorkerCrash": {
      "value": "true"
    },
    "DistributedTask.NewActionMetadata": {
      "value": "true"
    },
    "DistributedTask.UploadStepSummary": {
      "value": "true"
    },
    "DistributedTask.UseActionArchiveCache": {
      "value": "true"
    },
    "DistributedTask.UseWhich2": {
      "value": "true"
    },
    "RunService.FixEmbeddedIssues": {
      "value": "true"
    },
    "actions_skip_retry_complete_job_upon_known_errors": {
      "value": "true"
    },
    "actions_uses_cache_service_v2": {
      "value": "true"
    },
    "github_token": {
      "value": "***",
      "isSecret": true
    },
    "system.from_run_service": {
      "value": "true"
    },
    "system.github.job": {
      "value": "inspect-python"
    },
    "system.github.launch_endpoint": {
      "value": "https://launch.actions.githubusercontent.com"
    },
    "system.github.results_endpoint": {
      "value": "https://results-receiver.actions.githubusercontent.com/"
    },
    "system.github.results_upload_with_sdk": {
      "value": "true"
    },
    "system.github.token": {
      "value": "***",
      "isSecret": true
    },
    "system.github.token.permissions": {
      "value": "{\"Contents\":\"read\",\"Metadata\":\"read\",\"Packages\":\"read\"}"
    },
    "system.orchestrationId": {
      "value": "1e9fb8d2-39dd-4636-bccb-994df8c88046.inspect-python.__default"
    },
    "system.phaseDisplayName": {
      "value": "inspect-python"
    },
    "system.runner.lowdiskspacethreshold": {
      "value": "100"
    },
    "system.runnerEnvironment": {
      "value": "self-hosted"
    }
  },
  "messageType": "RunnerJobRequest",
  "plan": {
    "scopeIdentifier": "00000000-0000-0000-0000-000000000000",
    "planType": "actions",
    "version": 0,
    "planId": "1e9fb8d2-39dd-4636-bccb-994df8c88046",
    "planGroup": null,
    "artifactUri": null,
    "artifactLocation": null,
    "definition": null,
    "owner": null
  },
  "timeline": {
    "id": "1e9fb8d2-39dd-4636-bccb-994df8c88046",
    "changeId": 0,
    "location": null
  },
  "jobId": "2a6ced03-20a8-5efb-8ce7-53b69da1bb9a",
  "jobDisplayName": "inspect-python",
  "jobName": "__default",
  "requestId": 0,
  "lockedUntil": "0001-01-01T00:00:00",
  "resources": {
    "endpoints": [
      {
        "data": {
          "ServerId": "",
          "ServerName": "",
          "CacheServerUrl": "https://acghubeus2.actions.githubusercontent.com/XkvLCCXnjnWwesLx468jYRF1YXRddlB38WaaJ525dyU56rFu4C/",
          "FeedStreamUrl": "wss://results-receiver.actions.githubusercontent.com/_ws/ingest.sock",
          "ResultsServiceUrl": "https://results-receiver.actions.githubusercontent.com/",
          "PipelinesServiceUrl": "https://pipelinesghubeus24.actions.githubusercontent.com/XkvLCCXnjnWwesLx468jYRF1YXRddlB38WaaJ525dyU56rFu4C/",
          "GenerateIdTokenUrl": ""
        },
        "name": "SystemVssConnection",
        "url": "https://run-actions-1-azure-eastus.actions.githubusercontent.com/59/",
        "authorization": {
          "parameters": {
            "AccessToken": "***"
          },
          "scheme": "OAuth"
        },
        "isShared": false,
        "isReady": true
      }
    ]
  },
  "contextData": {
    "github": {
      "t": 2,
      "d": [
        {
          "k": "ref",
          "v": "refs/heads/main"
        },
        {
          "k": "sha",
          "v": "15a0c08651544d7128e6836141707a9e28400280"
        },
        {
          "k": "repository",
          "v": "padmanaresh1986/gh-actions-demo"
        },
        {
          "k": "repository_owner",
          "v": "padmanaresh1986"
        },
        {
          "k": "repository_owner_id",
          "v": "62786871"
        },
        {
          "k": "repositoryUrl",
          "v": "git://github.com/padmanaresh1986/gh-actions-demo.git"
        },
        {
          "k": "run_id",
          "v": "14278008458"
        },
        {
          "k": "run_number",
          "v": "10"
        },
        {
          "k": "retention_days",
          "v": "90"
        },
        {
          "k": "run_attempt",
          "v": "1"
        },
        {
          "k": "artifact_cache_size_limit",
          "v": "10"
        },
        {
          "k": "repository_visibility",
          "v": "public"
        },
        {
          "k": "actor_id",
          "v": "62786871"
        },
        {
          "k": "actor",
          "v": "padmanaresh1986"
        },
        {
          "k": "workflow",
          "v": "Playground"
        },
        {
          "k": "head_ref",
          "v": ""
        },
        {
          "k": "base_ref",
          "v": ""
        },
        {
          "k": "event_name",
          "v": "workflow_dispatch"
        },
        {
          "k": "server_url",
          "v": "https://github.com"
        },
        {
          "k": "api_url",
          "v": "https://api.github.com"
        },
        {
          "k": "graphql_url",
          "v": "https://api.github.com/graphql"
        },
        {
          "k": "ref_name",
          "v": "main"
        },
        {
          "k": "ref_protected",
          "v": false
        },
        {
          "k": "ref_type",
          "v": "branch"
        },
        {
          "k": "secret_source",
          "v": "Actions"
        },
        {
          "k": "event",
          "v": {
            "t": 2,
            "d": [
              {
                "k": "inputs",
                "v": null
              },
              {
                "k": "ref",
                "v": "refs/heads/main"
              },
              {
                "k": "repository",
                "v": {
                  "t": 2,
                  "d": [
                    {
                      "k": "allow_forking",
                      "v": true
                    },
                    {
                      "k": "archive_url",
                      "v": "https://api.github.com/repos/padmanaresh1986/gh-actions-demo/{archive_format}{/ref}"
                    },
                    {
                      "k": "archived",
                      "v": false
                    },
                    {
                      "k": "assignees_url",
                      "v": "https://api.github.com/repos/padmanaresh1986/gh-actions-demo/assignees{/user}"
                    },
                    {
                      "k": "blobs_url",
                      "v": "https://api.github.com/repos/padmanaresh1986/gh-actions-demo/git/blobs{/sha}"
                    },
                    {
                      "k": "branches_url",
                      "v": "https://api.github.com/repos/padmanaresh1986/gh-actions-demo/branches{/branch}"
                    },
                    {
                      "k": "clone_url",
                      "v": "https://github.com/padmanaresh1986/gh-actions-demo.git"
                    },
                    {
                      "k": "collaborators_url",
                      "v": "https://api.github.com/repos/padmanaresh1986/gh-actions-demo/collaborators{/collaborator}"
                    },
                    {
                      "k": "comments_url",
                      "v": "https://api.github.com/repos/padmanaresh1986/gh-actions-demo/comments{/number}"
                    },
                    {
                      "k": "commits_url",
                      "v": "https://api.github.com/repos/padmanaresh1986/gh-actions-demo/commits{/sha}"
                    },
                    {
                      "k": "compare_url",
                      "v": "https://api.github.com/repos/padmanaresh1986/gh-actions-demo/compare/{base}...{head}"
                    },
                    {
                      "k": "contents_url",
                      "v": "https://api.github.com/repos/padmanaresh1986/gh-actions-demo/contents/{+path}"
                    },
                    {
                      "k": "contributors_url",
                      "v": "https://api.github.com/repos/padmanaresh1986/gh-actions-demo/contributors"
                    },
                    {
                      "k": "created_at",
                      "v": "2025-04-04T12:11:21Z"
                    },
                    {
                      "k": "default_branch",
                      "v": "main"
                    },
                    {
                      "k": "deployments_url",
                      "v": "https://api.github.com/repos/padmanaresh1986/gh-actions-demo/deployments"
                    },
                    {
                      "k": "description",
                      "v": null
                    },
                    {
                      "k": "disabled",
                      "v": false
                    },
                    {
                      "k": "downloads_url",
                      "v": "https://api.github.com/repos/padmanaresh1986/gh-actions-demo/downloads"
                    },
                    {
                      "k": "events_url",
                      "v": "https://api.github.com/repos/padmanaresh1986/gh-actions-demo/events"
                    },
                    {
                      "k": "fork",
                      "v": false
                    },
                    {
                      "k": "forks",
                      "v": 0.0
                    },
                    {
                      "k": "forks_count",
                      "v": 0.0
                    },
                    {
                      "k": "forks_url",
                      "v": "https://api.github.com/repos/padmanaresh1986/gh-actions-demo/forks"
                    },
                    {
                      "k": "full_name",
                      "v": "padmanaresh1986/gh-actions-demo"
                    },
                    {
                      "k": "git_commits_url",
                      "v": "https://api.github.com/repos/padmanaresh1986/gh-actions-demo/git/commits{/sha}"
                    },
                    {
                      "k": "git_refs_url",
                      "v": "https://api.github.com/repos/padmanaresh1986/gh-actions-demo/git/refs{/sha}"
                    },
                    {
                      "k": "git_tags_url",
                      "v": "https://api.github.com/repos/padmanaresh1986/gh-actions-demo/git/tags{/sha}"
                    },
                    {
                      "k": "git_url",
                      "v": "git://github.com/padmanaresh1986/gh-actions-demo.git"
                    },
                    {
                      "k": "has_discussions",
                      "v": false
                    },
                    {
                      "k": "has_downloads",
                      "v": true
                    },
                    {
                      "k": "has_issues",
                      "v": true
                    },
                    {
                      "k": "has_pages",
                      "v": false
                    },
                    {
                      "k": "has_projects",
                      "v": true
                    },
                    {
                      "k": "has_wiki",
                      "v": true
                    },
                    {
                      "k": "homepage",
                      "v": null
                    },
                    {
                      "k": "hooks_url",
                      "v": "https://api.github.com/repos/padmanaresh1986/gh-actions-demo/hooks"
                    },
                    {
                      "k": "html_url",
                      "v": "https://github.com/padmanaresh1986/gh-actions-demo"
                    },
                    {
                      "k": "id",
                      "v": 960424209.0
                    },
                    {
                      "k": "is_template",
                      "v": false
                    },
                    {
                      "k": "issue_comment_url",
                      "v": "https://api.github.com/repos/padmanaresh1986/gh-actions-demo/issues/comments{/number}"
                    },
                    {
                      "k": "issue_events_url",
                      "v": "https://api.github.com/repos/padmanaresh1986/gh-actions-demo/issues/events{/number}"
                    },
                    {
                      "k": "issues_url",
                      "v": "https://api.github.com/repos/padmanaresh1986/gh-actions-demo/issues{/number}"
                    },
                    {
                      "k": "keys_url",
                      "v": "https://api.github.com/repos/padmanaresh1986/gh-actions-demo/keys{/key_id}"
                    },
                    {
                      "k": "labels_url",
                      "v": "https://api.github.com/repos/padmanaresh1986/gh-actions-demo/labels{/name}"
                    },
                    {
                      "k": "language",
                      "v": null
                    },
                    {
                      "k": "languages_url",
                      "v": "https://api.github.com/repos/padmanaresh1986/gh-actions-demo/languages"
                    },
                    {
                      "k": "license",
                      "v": null
                    },
                    {
                      "k": "merges_url",
                      "v": "https://api.github.com/repos/padmanaresh1986/gh-actions-demo/merges"
                    },
                    {
                      "k": "milestones_url",
                      "v": "https://api.github.com/repos/padmanaresh1986/gh-actions-demo/milestones{/number}"
                    },
                    {
                      "k": "mirror_url",
                      "v": null
                    },
                    {
                      "k": "name",
                      "v": "gh-actions-demo"
                    },
                    {
                      "k": "node_id",
                      "v": "R_kgDOOT7pEQ"
                    },
                    {
                      "k": "notifications_url",
                      "v": "https://api.github.com/repos/padmanaresh1986/gh-actions-demo/notifications{?since,all,participating}"
                    },
                    {
                      "k": "open_issues",
                      "v": 0.0
                    },
                    {
                      "k": "open_issues_count",
                      "v": 0.0
                    },
                    {
                      "k": "owner",
                      "v": {
                        "t": 2,
                        "d": [
                          {
                            "k": "avatar_url",
                            "v": "https://avatars.githubusercontent.com/u/62786871?v=4"
                          },
                          {
                            "k": "events_url",
                            "v": "https://api.github.com/users/padmanaresh1986/events{/privacy}"
                          },
                          {
                            "k": "followers_url",
                            "v": "https://api.github.com/users/padmanaresh1986/followers"
                          },
                          {
                            "k": "following_url",
                            "v": "https://api.github.com/users/padmanaresh1986/following{/other_user}"
                          },
                          {
                            "k": "gists_url",
                            "v": "https://api.github.com/users/padmanaresh1986/gists{/gist_id}"
                          },
                          {
                            "k": "gravatar_id",
                            "v": ""
                          },
                          {
                            "k": "html_url",
                            "v": "https://github.com/padmanaresh1986"
                          },
                          {
                            "k": "id",
                            "v": 62786871.0
                          },
                          {
                            "k": "login",
                            "v": "padmanaresh1986"
                          },
                          {
                            "k": "node_id",
                            "v": "MDQ6VXNlcjYyNzg2ODcx"
                          },
                          {
                            "k": "organizations_url",
                            "v": "https://api.github.com/users/padmanaresh1986/orgs"
                          },
                          {
                            "k": "received_events_url",
                            "v": "https://api.github.com/users/padmanaresh1986/received_events"
                          },
                          {
                            "k": "repos_url",
                            "v": "https://api.github.com/users/padmanaresh1986/repos"
                          },
                          {
                            "k": "site_admin",
                            "v": false
                          },
                          {
                            "k": "starred_url",
                            "v": "https://api.github.com/users/padmanaresh1986/starred{/owner}{/repo}"
                          },
                          {
                            "k": "subscriptions_url",
                            "v": "https://api.github.com/users/padmanaresh1986/subscriptions"
                          },
                          {
                            "k": "type",
                            "v": "User"
                          },
                          {
                            "k": "url",
                            "v": "https://api.github.com/users/padmanaresh1986"
                          },
                          {
                            "k": "user_view_type",
                            "v": "public"
                          }
                        ]
                      }
                    },
                    {
                      "k": "private",
                      "v": false
                    },
                    {
                      "k": "pulls_url",
                      "v": "https://api.github.com/repos/padmanaresh1986/gh-actions-demo/pulls{/number}"
                    },
                    {
                      "k": "pushed_at",
                      "v": "2025-04-05T03:33:57Z"
                    },
                    {
                      "k": "releases_url",
                      "v": "https://api.github.com/repos/padmanaresh1986/gh-actions-demo/releases{/id}"
                    },
                    {
                      "k": "size",
                      "v": 22.0
                    },
                    {
                      "k": "ssh_url",
                      "v": "git@github.com:padmanaresh1986/gh-actions-demo.git"
                    },
                    {
                      "k": "stargazers_count",
                      "v": 0.0
                    },
                    {
                      "k": "stargazers_url",
                      "v": "https://api.github.com/repos/padmanaresh1986/gh-actions-demo/stargazers"
                    },
                    {
                      "k": "statuses_url",
                      "v": "https://api.github.com/repos/padmanaresh1986/gh-actions-demo/statuses/{sha}"
                    },
                    {
                      "k": "subscribers_url",
                      "v": "https://api.github.com/repos/padmanaresh1986/gh-actions-demo/subscribers"
                    },
                    {
                      "k": "subscription_url",
                      "v": "https://api.github.com/repos/padmanaresh1986/gh-actions-demo/subscription"
                    },
                    {
                      "k": "svn_url",
                      "v": "https://github.com/padmanaresh1986/gh-actions-demo"
                    },
                    {
                      "k": "tags_url",
                      "v": "https://api.github.com/repos/padmanaresh1986/gh-actions-demo/tags"
                    },
                    {
                      "k": "teams_url",
                      "v": "https://api.github.com/repos/padmanaresh1986/gh-actions-demo/teams"
                    },
                    {
                      "k": "topics",
                      "v": {
                        "t": 1
                      }
                    },
                    {
                      "k": "trees_url",
                      "v": "https://api.github.com/repos/padmanaresh1986/gh-actions-demo/git/trees{/sha}"
                    },
                    {
                      "k": "updated_at",
                      "v": "2025-04-05T03:34:00Z"
                    },
                    {
                      "k": "url",
                      "v": "https://api.github.com/repos/padmanaresh1986/gh-actions-demo"
                    },
                    {
                      "k": "visibility",
                      "v": "public"
                    },
                    {
                      "k": "watchers",
                      "v": 0.0
                    },
                    {
                      "k": "watchers_count",
                      "v": 0.0
                    },
                    {
                      "k": "web_commit_signoff_required",
                      "v": false
                    }
                  ]
                }
              },
              {
                "k": "sender",
                "v": {
                  "t": 2,
                  "d": [
                    {
                      "k": "avatar_url",
                      "v": "https://avatars.githubusercontent.com/u/62786871?v=4"
                    },
                    {
                      "k": "events_url",
                      "v": "https://api.github.com/users/padmanaresh1986/events{/privacy}"
                    },
                    {
                      "k": "followers_url",
                      "v": "https://api.github.com/users/padmanaresh1986/followers"
                    },
                    {
                      "k": "following_url",
                      "v": "https://api.github.com/users/padmanaresh1986/following{/other_user}"
                    },
                    {
                      "k": "gists_url",
                      "v": "https://api.github.com/users/padmanaresh1986/gists{/gist_id}"
                    },
                    {
                      "k": "gravatar_id",
                      "v": ""
                    },
                    {
                      "k": "html_url",
                      "v": "https://github.com/padmanaresh1986"
                    },
                    {
                      "k": "id",
                      "v": 62786871.0
                    },
                    {
                      "k": "login",
                      "v": "padmanaresh1986"
                    },
                    {
                      "k": "node_id",
                      "v": "MDQ6VXNlcjYyNzg2ODcx"
                    },
                    {
                      "k": "organizations_url",
                      "v": "https://api.github.com/users/padmanaresh1986/orgs"
                    },
                    {
                      "k": "received_events_url",
                      "v": "https://api.github.com/users/padmanaresh1986/received_events"
                    },
                    {
                      "k": "repos_url",
                      "v": "https://api.github.com/users/padmanaresh1986/repos"
                    },
                    {
                      "k": "site_admin",
                      "v": false
                    },
                    {
                      "k": "starred_url",
                      "v": "https://api.github.com/users/padmanaresh1986/starred{/owner}{/repo}"
                    },
                    {
                      "k": "subscriptions_url",
                      "v": "https://api.github.com/users/padmanaresh1986/subscriptions"
                    },
                    {
                      "k": "type",
                      "v": "User"
                    },
                    {
                      "k": "url",
                      "v": "https://api.github.com/users/padmanaresh1986"
                    },
                    {
                      "k": "user_view_type",
                      "v": "public"
                    }
                  ]
                }
              },
              {
                "k": "workflow",
                "v": ".github/workflows/playground.yml"
              }
            ]
          }
        },
        {
          "k": "workflow_ref",
          "v": "padmanaresh1986/gh-actions-demo/.github/workflows/playground.yml@refs/heads/main"
        },
        {
          "k": "workflow_sha",
          "v": "15a0c08651544d7128e6836141707a9e28400280"
        },
        {
          "k": "repository_id",
          "v": "960424209"
        },
        {
          "k": "triggering_actor",
          "v": "padmanaresh1986"
        }
      ]
    },
    "inputs": {
      "t": 2
    },
    "matrix": null,
    "needs": {
      "t": 2
    },
    "strategy": {
      "t": 2,
      "d": [
        {
          "k": "fail-fast",
          "v": true
        },
        {
          "k": "job-index",
          "v": 0.0
        },
        {
          "k": "job-total",
          "v": 1.0
        },
        {
          "k": "max-parallel",
          "v": 1.0
        }
      ]
    },
    "vars": {
      "t": 2
    }
  },
  "billingOwnerId": "U_kgDOA74NNw"
}
[2025-04-05 03:35:27Z INFO JobRunner] Job ID 2a6ced03-20a8-5efb-8ce7-53b69da1bb9a
[2025-04-05 03:35:27Z INFO ConfigurationStore] currentAssemblyLocation: C:\Data\POC\gh-actions-demo\actions-runner\bin\Runner.Worker.dll
[2025-04-05 03:35:27Z INFO HostContext] Well known directory 'Bin': 'C:\Data\POC\gh-actions-demo\actions-runner\bin'
[2025-04-05 03:35:27Z INFO ConfigurationStore] binPath: C:\Data\POC\gh-actions-demo\actions-runner\bin
[2025-04-05 03:35:27Z INFO HostContext] Well known directory 'Bin': 'C:\Data\POC\gh-actions-demo\actions-runner\bin'
[2025-04-05 03:35:27Z INFO HostContext] Well known directory 'Root': 'C:\Data\POC\gh-actions-demo\actions-runner'
[2025-04-05 03:35:27Z INFO ConfigurationStore] RootFolder: C:\Data\POC\gh-actions-demo\actions-runner
[2025-04-05 03:35:27Z INFO HostContext] Well known directory 'Bin': 'C:\Data\POC\gh-actions-demo\actions-runner\bin'
[2025-04-05 03:35:27Z INFO HostContext] Well known directory 'Root': 'C:\Data\POC\gh-actions-demo\actions-runner'
[2025-04-05 03:35:27Z INFO HostContext] Well known config file 'Runner': 'C:\Data\POC\gh-actions-demo\actions-runner\.runner'
[2025-04-05 03:35:27Z INFO ConfigurationStore] ConfigFilePath: C:\Data\POC\gh-actions-demo\actions-runner\.runner
[2025-04-05 03:35:27Z INFO HostContext] Well known directory 'Bin': 'C:\Data\POC\gh-actions-demo\actions-runner\bin'
[2025-04-05 03:35:27Z INFO HostContext] Well known directory 'Root': 'C:\Data\POC\gh-actions-demo\actions-runner'
[2025-04-05 03:35:27Z INFO HostContext] Well known config file 'MigratedRunner': 'C:\Data\POC\gh-actions-demo\actions-runner\.runner_migrated'
[2025-04-05 03:35:27Z INFO ConfigurationStore] MigratedConfigFilePath: C:\Data\POC\gh-actions-demo\actions-runner\.runner_migrated
[2025-04-05 03:35:27Z INFO HostContext] Well known directory 'Bin': 'C:\Data\POC\gh-actions-demo\actions-runner\bin'
[2025-04-05 03:35:27Z INFO HostContext] Well known directory 'Root': 'C:\Data\POC\gh-actions-demo\actions-runner'
[2025-04-05 03:35:27Z INFO HostContext] Well known config file 'Credentials': 'C:\Data\POC\gh-actions-demo\actions-runner\.credentials'
[2025-04-05 03:35:27Z INFO ConfigurationStore] CredFilePath: C:\Data\POC\gh-actions-demo\actions-runner\.credentials
[2025-04-05 03:35:27Z INFO HostContext] Well known directory 'Bin': 'C:\Data\POC\gh-actions-demo\actions-runner\bin'
[2025-04-05 03:35:27Z INFO HostContext] Well known directory 'Root': 'C:\Data\POC\gh-actions-demo\actions-runner'
[2025-04-05 03:35:27Z INFO HostContext] Well known config file 'MigratedCredentials': 'C:\Data\POC\gh-actions-demo\actions-runner\.credentials_migrated'
[2025-04-05 03:35:27Z INFO ConfigurationStore] MigratedCredFilePath: C:\Data\POC\gh-actions-demo\actions-runner\.credentials_migrated
[2025-04-05 03:35:27Z INFO HostContext] Well known directory 'Bin': 'C:\Data\POC\gh-actions-demo\actions-runner\bin'
[2025-04-05 03:35:27Z INFO HostContext] Well known directory 'Root': 'C:\Data\POC\gh-actions-demo\actions-runner'
[2025-04-05 03:35:27Z INFO HostContext] Well known config file 'Service': 'C:\Data\POC\gh-actions-demo\actions-runner\.service'
[2025-04-05 03:35:27Z INFO ConfigurationStore] ServiceConfigFilePath: C:\Data\POC\gh-actions-demo\actions-runner\.service
[2025-04-05 03:35:27Z INFO ConfigurationStore] Read setting file: 321 chars
[2025-04-05 03:35:27Z INFO JobRunner] Initializing launch client
[2025-04-05 03:35:27Z INFO JobServerQueue] Initializing results client
[2025-04-05 03:35:27Z INFO ResultServer] Creating websocket client ...wss://results-receiver.actions.githubusercontent.com/_ws/ingest.sock
[2025-04-05 03:35:27Z INFO ResultServer] Attempting to start websocket client with delay 00:00:00.
[2025-04-05 03:35:27Z INFO JobServerQueue] Start process web console line queue.
[2025-04-05 03:35:27Z INFO JobServerQueue] Start process file upload queue.
[2025-04-05 03:35:27Z INFO JobServerQueue] Start results file upload queue.
[2025-04-05 03:35:27Z INFO JobServerQueue] Starting results-based upload queue...
[2025-04-05 03:35:27Z INFO JobServerQueue] Start process timeline update queue.
[2025-04-05 03:35:27Z INFO ExecutionContext] Initialize GitHub context
[2025-04-05 03:35:27Z INFO ExecutionContext] Initialize Env context
[2025-04-05 03:35:27Z INFO HostContext] Well known directory 'Bin': 'C:\Data\POC\gh-actions-demo\actions-runner\bin'
[2025-04-05 03:35:27Z INFO HostContext] Well known directory 'Root': 'C:\Data\POC\gh-actions-demo\actions-runner'
[2025-04-05 03:35:27Z INFO HostContext] Well known directory 'Diag': 'C:\Data\POC\gh-actions-demo\actions-runner\_diag'
[2025-04-05 03:35:27Z INFO HostContext] Well known directory 'Bin': 'C:\Data\POC\gh-actions-demo\actions-runner\bin'
[2025-04-05 03:35:27Z INFO HostContext] Well known directory 'Root': 'C:\Data\POC\gh-actions-demo\actions-runner'
[2025-04-05 03:35:27Z INFO HostContext] Well known directory 'Diag': 'C:\Data\POC\gh-actions-demo\actions-runner\_diag'
[2025-04-05 03:35:27Z INFO JobRunner] Starting the job execution context.
[2025-04-05 03:35:27Z INFO HostContext] Well known directory 'Bin': 'C:\Data\POC\gh-actions-demo\actions-runner\bin'
[2025-04-05 03:35:27Z INFO HostContext] Well known directory 'Root': 'C:\Data\POC\gh-actions-demo\actions-runner'
[2025-04-05 03:35:27Z INFO HostContext] Well known directory 'Work': 'C:\Data\POC\gh-actions-demo\actions-runner\_work'
[2025-04-05 03:35:27Z INFO JobRunner] Validating directory permissions for: 'C:\Data\POC\gh-actions-demo\actions-runner\_work'
[2025-04-05 03:35:27Z INFO HostContext] Well known directory 'Bin': 'C:\Data\POC\gh-actions-demo\actions-runner\bin'
[2025-04-05 03:35:27Z INFO HostContext] Well known directory 'Root': 'C:\Data\POC\gh-actions-demo\actions-runner'
[2025-04-05 03:35:27Z INFO HostContext] Well known directory 'Work': 'C:\Data\POC\gh-actions-demo\actions-runner\_work'
[2025-04-05 03:35:27Z INFO HostContext] Well known directory 'Tools': 'C:\Data\POC\gh-actions-demo\actions-runner\_work\_tool'
[2025-04-05 03:35:27Z INFO HostContext] Well known directory 'Bin': 'C:\Data\POC\gh-actions-demo\actions-runner\bin'
[2025-04-05 03:35:27Z INFO HostContext] Well known directory 'Root': 'C:\Data\POC\gh-actions-demo\actions-runner'
[2025-04-05 03:35:27Z INFO HostContext] Well known directory 'Work': 'C:\Data\POC\gh-actions-demo\actions-runner\_work'
[2025-04-05 03:35:27Z INFO HostContext] Well known directory 'Temp': 'C:\Data\POC\gh-actions-demo\actions-runner\_work\_temp'
[2025-04-05 03:35:27Z INFO JobRunner] Getting job extension.
[2025-04-05 03:35:27Z INFO JobRunner] Initialize job. Getting all job steps.
[2025-04-05 03:35:27Z INFO HostContext] Well known directory 'Bin': 'C:\Data\POC\gh-actions-demo\actions-runner\bin'
[2025-04-05 03:35:27Z INFO HostContext] Well known directory 'Root': 'C:\Data\POC\gh-actions-demo\actions-runner'
[2025-04-05 03:35:27Z INFO HostContext] Well known directory 'Diag': 'C:\Data\POC\gh-actions-demo\actions-runner\_diag'
[2025-04-05 03:35:27Z INFO HostContext] Well known directory 'Bin': 'C:\Data\POC\gh-actions-demo\actions-runner\bin'
[2025-04-05 03:35:27Z INFO HostContext] Well known directory 'Root': 'C:\Data\POC\gh-actions-demo\actions-runner'
[2025-04-05 03:35:27Z INFO HostContext] Well known directory 'Diag': 'C:\Data\POC\gh-actions-demo\actions-runner\_diag'
[2025-04-05 03:35:27Z INFO HostContext] Well known directory 'Bin': 'C:\Data\POC\gh-actions-demo\actions-runner\bin'
[2025-04-05 03:35:27Z INFO HostContext] Well known directory 'Root': 'C:\Data\POC\gh-actions-demo\actions-runner'
[2025-04-05 03:35:27Z INFO HostContext] Well known config file 'Credentials': 'C:\Data\POC\gh-actions-demo\actions-runner\.credentials'
[2025-04-05 03:35:27Z INFO HostContext] Well known directory 'Bin': 'C:\Data\POC\gh-actions-demo\actions-runner\bin'
[2025-04-05 03:35:27Z INFO HostContext] Well known directory 'Root': 'C:\Data\POC\gh-actions-demo\actions-runner'
[2025-04-05 03:35:27Z INFO HostContext] Well known config file 'SetupInfo': 'C:\Data\POC\gh-actions-demo\actions-runner\.setup_info'
[2025-04-05 03:35:27Z INFO HostContext] Well known directory 'Bin': 'C:\Data\POC\gh-actions-demo\actions-runner\bin'
[2025-04-05 03:35:27Z INFO HostContext] Well known directory 'Root': 'C:\Data\POC\gh-actions-demo\actions-runner'
[2025-04-05 03:35:27Z INFO HostContext] Well known directory 'Work': 'C:\Data\POC\gh-actions-demo\actions-runner\_work'
[2025-04-05 03:35:27Z INFO PipelineDirectoryManager] Loading tracking config if exists: C:\Data\POC\gh-actions-demo\actions-runner\_work\_PipelineMapping\padmanaresh1986/gh-actions-demo\PipelineFolder.json
[2025-04-05 03:35:27Z INFO PipelineDirectoryManager] Updating job run properties.
[2025-04-05 03:35:27Z INFO HostContext] Well known directory 'Bin': 'C:\Data\POC\gh-actions-demo\actions-runner\bin'
[2025-04-05 03:35:27Z INFO HostContext] Well known directory 'Root': 'C:\Data\POC\gh-actions-demo\actions-runner'
[2025-04-05 03:35:27Z INFO HostContext] Well known directory 'Work': 'C:\Data\POC\gh-actions-demo\actions-runner\_work'
[2025-04-05 03:35:27Z INFO HostContext] Well known directory 'Bin': 'C:\Data\POC\gh-actions-demo\actions-runner\bin'
[2025-04-05 03:35:27Z INFO HostContext] Well known directory 'Root': 'C:\Data\POC\gh-actions-demo\actions-runner'
[2025-04-05 03:35:27Z INFO HostContext] Well known directory 'Work': 'C:\Data\POC\gh-actions-demo\actions-runner\_work'
[2025-04-05 03:35:27Z INFO HostContext] Well known directory 'Bin': 'C:\Data\POC\gh-actions-demo\actions-runner\bin'
[2025-04-05 03:35:27Z INFO HostContext] Well known directory 'Root': 'C:\Data\POC\gh-actions-demo\actions-runner'
[2025-04-05 03:35:27Z INFO HostContext] Well known directory 'Work': 'C:\Data\POC\gh-actions-demo\actions-runner\_work'
[2025-04-05 03:35:27Z INFO JobExtension] Downloading actions
[2025-04-05 03:35:27Z INFO HostContext] Well known directory 'Bin': 'C:\Data\POC\gh-actions-demo\actions-runner\bin'
[2025-04-05 03:35:27Z INFO HostContext] Well known directory 'Root': 'C:\Data\POC\gh-actions-demo\actions-runner'
[2025-04-05 03:35:27Z INFO HostContext] Well known directory 'Work': 'C:\Data\POC\gh-actions-demo\actions-runner\_work'
[2025-04-05 03:35:27Z INFO HostContext] Well known directory 'Actions': 'C:\Data\POC\gh-actions-demo\actions-runner\_work\_actions'
[2025-04-05 03:35:27Z INFO JobExtension] Adding .
[2025-04-05 03:35:27Z INFO HostContext] Well known directory 'Bin': 'C:\Data\POC\gh-actions-demo\actions-runner\bin'
[2025-04-05 03:35:27Z INFO HostContext] Well known directory 'Root': 'C:\Data\POC\gh-actions-demo\actions-runner'
[2025-04-05 03:35:27Z INFO HostContext] Well known directory 'Diag': 'C:\Data\POC\gh-actions-demo\actions-runner\_diag'
[2025-04-05 03:35:27Z INFO HostContext] Well known directory 'Bin': 'C:\Data\POC\gh-actions-demo\actions-runner\bin'
[2025-04-05 03:35:27Z INFO HostContext] Well known directory 'Root': 'C:\Data\POC\gh-actions-demo\actions-runner'
[2025-04-05 03:35:27Z INFO HostContext] Well known directory 'Diag': 'C:\Data\POC\gh-actions-demo\actions-runner\_diag'
[2025-04-05 03:35:27Z INFO JobExtension] Total accessible running process: 255.
[2025-04-05 03:35:27Z INFO HostContext] Well known directory 'Bin': 'C:\Data\POC\gh-actions-demo\actions-runner\bin'
[2025-04-05 03:35:27Z INFO HostContext] Well known directory 'Root': 'C:\Data\POC\gh-actions-demo\actions-runner'
[2025-04-05 03:35:27Z INFO HostContext] Well known directory 'Work': 'C:\Data\POC\gh-actions-demo\actions-runner\_work'
[2025-04-05 03:35:27Z INFO JobExtension] Start checking service connectivity in background.
[2025-04-05 03:35:27Z INFO ExecutionContext] Publish step telemetry for current step {
  "action": "setup_job",
  "type": "runner",
  "stage": "Pre",
  "stepId": "a31f608b-ac21-41ce-acfd-7aa59e6209a0",
  "result": "succeeded",
  "errorMessages": [],
  "executionTimeInSeconds": 1,
  "startTime": "2025-04-05T03:35:27.211012Z",
  "finishTime": "2025-04-05T03:35:27.2960335Z"
}.
[2025-04-05 03:35:27Z INFO JobRunner] Total job steps: 1.
[2025-04-05 03:35:27Z INFO JobRunner] Run all job steps.
[2025-04-05 03:35:27Z INFO StepsRunner] Processing step: DisplayName='python version'
[2025-04-05 03:35:27Z INFO StepsRunner] Evaluating: success()
[2025-04-05 03:35:27Z INFO StepsRunner] Result: true
[2025-04-05 03:35:27Z INFO StepsRunner] Starting the step.
[2025-04-05 03:35:27Z INFO HostContext] Well known directory 'Bin': 'C:\Data\POC\gh-actions-demo\actions-runner\bin'
[2025-04-05 03:35:27Z INFO HostContext] Well known directory 'Root': 'C:\Data\POC\gh-actions-demo\actions-runner'
[2025-04-05 03:35:27Z INFO HostContext] Well known directory 'Work': 'C:\Data\POC\gh-actions-demo\actions-runner\_work'
[2025-04-05 03:35:27Z INFO StepsRunner] Which2: 'chcp'
[2025-04-05 03:35:27Z INFO StepsRunner] Location: 'C:\WINDOWS\system32\chcp.COM'
[2025-04-05 03:35:27Z INFO ProcessInvokerWrapper] Starting process:
[2025-04-05 03:35:27Z INFO ProcessInvokerWrapper]   File name: 'C:\WINDOWS\system32\chcp.COM'
[2025-04-05 03:35:27Z INFO ProcessInvokerWrapper]   Arguments: '65001'
[2025-04-05 03:35:27Z INFO ProcessInvokerWrapper]   Working directory: 'C:\Data\POC\gh-actions-demo\actions-runner\_work'
[2025-04-05 03:35:27Z INFO ProcessInvokerWrapper]   Require exit code zero: 'False'
[2025-04-05 03:35:27Z INFO ProcessInvokerWrapper]   Encoding web name:  ; code page: ''
[2025-04-05 03:35:27Z INFO ProcessInvokerWrapper]   Force kill process on cancellation: 'False'
[2025-04-05 03:35:27Z INFO ProcessInvokerWrapper]   Redirected STDIN: 'False'
[2025-04-05 03:35:27Z INFO ProcessInvokerWrapper]   Persist current code page: 'True'
[2025-04-05 03:35:27Z INFO ProcessInvokerWrapper]   Keep redirected STDIN open: 'False'
[2025-04-05 03:35:27Z INFO ProcessInvokerWrapper]   High priority process: 'False'
[2025-04-05 03:35:27Z INFO ProcessInvokerWrapper] Process started with process id 10044, waiting for process exit.
[2025-04-05 03:35:27Z INFO Worker] Listening for cancel message from the channel.
[2025-04-05 03:35:27Z INFO Worker] Waiting for the job to complete or for a cancel message from the channel.
[2025-04-05 03:35:27Z INFO ProcessInvokerWrapper] STDOUT/STDERR stream read finished.
[2025-04-05 03:35:27Z INFO ProcessInvokerWrapper] STDOUT/STDERR stream read finished.
[2025-04-05 03:35:27Z INFO ProcessInvokerWrapper] Finished process 10044 with exit code 0, and elapsed time 00:00:00.0102991.
[2025-04-05 03:35:27Z INFO StepsRunner] Successfully returned to code page 65001 (UTF8)
[2025-04-05 03:35:27Z INFO HostContext] Well known directory 'Bin': 'C:\Data\POC\gh-actions-demo\actions-runner\bin'
[2025-04-05 03:35:27Z INFO HostContext] Well known directory 'Root': 'C:\Data\POC\gh-actions-demo\actions-runner'
[2025-04-05 03:35:27Z INFO HostContext] Well known directory 'Work': 'C:\Data\POC\gh-actions-demo\actions-runner\_work'
[2025-04-05 03:35:27Z INFO HostContext] Well known directory 'Temp': 'C:\Data\POC\gh-actions-demo\actions-runner\_work\_temp'
[2025-04-05 03:35:27Z INFO ExecutionContext] Write event payload to C:\Data\POC\gh-actions-demo\actions-runner\_work\_temp\_github_workflow\event.json
[2025-04-05 03:35:27Z INFO HostContext] Well known directory 'Bin': 'C:\Data\POC\gh-actions-demo\actions-runner\bin'
[2025-04-05 03:35:27Z INFO HostContext] Well known directory 'Root': 'C:\Data\POC\gh-actions-demo\actions-runner'
[2025-04-05 03:35:27Z INFO HostContext] Well known directory 'Work': 'C:\Data\POC\gh-actions-demo\actions-runner\_work'
[2025-04-05 03:35:27Z INFO HostContext] Well known directory 'Temp': 'C:\Data\POC\gh-actions-demo\actions-runner\_work\_temp'
[2025-04-05 03:35:27Z INFO ExtensionManager] Getting extensions for interface: 'GitHub.Runner.Worker.IFileCommandExtension'
[2025-04-05 03:35:27Z INFO ExtensionManager] Creating instance: GitHub.Runner.Worker.AddPathFileCommand, Runner.Worker
[2025-04-05 03:35:27Z INFO ExtensionManager] Creating instance: GitHub.Runner.Worker.SetEnvFileCommand, Runner.Worker
[2025-04-05 03:35:27Z INFO ExtensionManager] Creating instance: GitHub.Runner.Worker.CreateStepSummaryCommand, Runner.Worker
[2025-04-05 03:35:27Z INFO ExtensionManager] Creating instance: GitHub.Runner.Worker.SaveStateFileCommand, Runner.Worker
[2025-04-05 03:35:27Z INFO ExtensionManager] Creating instance: GitHub.Runner.Worker.SetOutputFileCommand, Runner.Worker
[2025-04-05 03:35:27Z INFO ExtensionManager] Getting extensions for interface: 'GitHub.Runner.Worker.IActionCommandExtension'
[2025-04-05 03:35:27Z INFO ExtensionManager] Creating instance: GitHub.Runner.Worker.InternalPluginSetRepoPathCommandExtension, Runner.Worker
[2025-04-05 03:35:27Z INFO ExtensionManager] Creating instance: GitHub.Runner.Worker.SetEnvCommandExtension, Runner.Worker
[2025-04-05 03:35:27Z INFO ExtensionManager] Creating instance: GitHub.Runner.Worker.SetOutputCommandExtension, Runner.Worker
[2025-04-05 03:35:27Z INFO ExtensionManager] Creating instance: GitHub.Runner.Worker.SaveStateCommandExtension, Runner.Worker
[2025-04-05 03:35:27Z INFO ExtensionManager] Creating instance: GitHub.Runner.Worker.AddPathCommandExtension, Runner.Worker
[2025-04-05 03:35:27Z INFO ExtensionManager] Creating instance: GitHub.Runner.Worker.AddMaskCommandExtension, Runner.Worker
[2025-04-05 03:35:27Z INFO ExtensionManager] Creating instance: GitHub.Runner.Worker.AddMatcherCommandExtension, Runner.Worker
[2025-04-05 03:35:27Z INFO ExtensionManager] Creating instance: GitHub.Runner.Worker.RemoveMatcherCommandExtension, Runner.Worker
[2025-04-05 03:35:27Z INFO ExtensionManager] Creating instance: GitHub.Runner.Worker.WarningCommandExtension, Runner.Worker
[2025-04-05 03:35:27Z INFO ExtensionManager] Creating instance: GitHub.Runner.Worker.ErrorCommandExtension, Runner.Worker
[2025-04-05 03:35:27Z INFO ExtensionManager] Creating instance: GitHub.Runner.Worker.NoticeCommandExtension, Runner.Worker
[2025-04-05 03:35:27Z INFO ExtensionManager] Creating instance: GitHub.Runner.Worker.DebugCommandExtension, Runner.Worker
[2025-04-05 03:35:27Z INFO ExtensionManager] Creating instance: GitHub.Runner.Worker.GroupCommandExtension, Runner.Worker
[2025-04-05 03:35:27Z INFO ExtensionManager] Creating instance: GitHub.Runner.Worker.EndGroupCommandExtension, Runner.Worker
[2025-04-05 03:35:27Z INFO ExtensionManager] Creating instance: GitHub.Runner.Worker.EchoCommandExtension, Runner.Worker
[2025-04-05 03:35:27Z INFO ActionCommandManager] Register action command extension for command internal-set-repo-path
[2025-04-05 03:35:27Z INFO ActionCommandManager] Register action command extension for command set-env
[2025-04-05 03:35:27Z INFO ActionCommandManager] Register action command extension for command set-output
[2025-04-05 03:35:27Z INFO ActionCommandManager] Register action command extension for command save-state
[2025-04-05 03:35:27Z INFO ActionCommandManager] Register action command extension for command add-path
[2025-04-05 03:35:27Z INFO ActionCommandManager] Register action command extension for command add-mask
[2025-04-05 03:35:27Z INFO ActionCommandManager] Register action command extension for command add-matcher
[2025-04-05 03:35:27Z INFO ActionCommandManager] Register action command extension for command remove-matcher
[2025-04-05 03:35:27Z INFO ActionCommandManager] Register action command extension for command warning
[2025-04-05 03:35:27Z INFO ActionCommandManager] Register action command extension for command error
[2025-04-05 03:35:27Z INFO ActionCommandManager] Register action command extension for command notice
[2025-04-05 03:35:27Z INFO ActionCommandManager] Register action command extension for command debug
[2025-04-05 03:35:27Z INFO ActionCommandManager] Register action command extension for command group
[2025-04-05 03:35:27Z INFO ActionCommandManager] Register action command extension for command endgroup
[2025-04-05 03:35:27Z INFO ActionCommandManager] Register action command extension for command echo
[2025-04-05 03:35:27Z INFO ScriptHandler] Which2: 'pwsh'
[2025-04-05 03:35:27Z INFO ScriptHandler] pwsh: command not found. Make sure 'pwsh' is installed and its location included in the 'Path' environment variable.
[2025-04-05 03:35:27Z INFO ScriptHandler] Defaulting to powershell
[2025-04-05 03:35:27Z INFO ScriptHandler] Which2: 'powershell'
[2025-04-05 03:35:27Z INFO ScriptHandler] Location: 'C:\WINDOWS\System32\WindowsPowerShell\v1.0\powershell.EXE'
[2025-04-05 03:35:27Z INFO HostContext] Well known directory 'Bin': 'C:\Data\POC\gh-actions-demo\actions-runner\bin'
[2025-04-05 03:35:27Z INFO HostContext] Well known directory 'Root': 'C:\Data\POC\gh-actions-demo\actions-runner'
[2025-04-05 03:35:27Z INFO HostContext] Well known directory 'Work': 'C:\Data\POC\gh-actions-demo\actions-runner\_work'
[2025-04-05 03:35:27Z INFO HostContext] Well known directory 'Temp': 'C:\Data\POC\gh-actions-demo\actions-runner\_work\_temp'
[2025-04-05 03:35:27Z INFO ScriptHandler] Which2: 'pwsh'
[2025-04-05 03:35:27Z INFO ScriptHandler] pwsh: command not found. Make sure 'pwsh' is installed and its location included in the 'Path' environment variable.
[2025-04-05 03:35:27Z INFO ScriptHandler] Defaulting to powershell
[2025-04-05 03:35:27Z INFO ScriptHandler] Which2: 'powershell'
[2025-04-05 03:35:27Z INFO ScriptHandler] Location: 'C:\WINDOWS\System32\WindowsPowerShell\v1.0\powershell.EXE'
[2025-04-05 03:35:27Z INFO ProcessInvokerWrapper] Starting process:
[2025-04-05 03:35:27Z INFO ProcessInvokerWrapper]   File name: 'C:\WINDOWS\System32\WindowsPowerShell\v1.0\powershell.EXE'
[2025-04-05 03:35:27Z INFO ProcessInvokerWrapper]   Arguments: '-command ". 'C:\Data\POC\gh-actions-demo\actions-runner\_work\_temp\5ef5be3f-37bf-499d-b7ba-dac68f951bf6.ps1'"'
[2025-04-05 03:35:27Z INFO ProcessInvokerWrapper]   Working directory: 'C:\Data\POC\gh-actions-demo\actions-runner\_work\gh-actions-demo\gh-actions-demo'
[2025-04-05 03:35:27Z INFO ProcessInvokerWrapper]   Require exit code zero: 'False'
[2025-04-05 03:35:27Z INFO ProcessInvokerWrapper]   Encoding web name:  ; code page: ''
[2025-04-05 03:35:27Z INFO ProcessInvokerWrapper]   Force kill process on cancellation: 'False'
[2025-04-05 03:35:27Z INFO ProcessInvokerWrapper]   Redirected STDIN: 'False'
[2025-04-05 03:35:27Z INFO ProcessInvokerWrapper]   Persist current code page: 'True'
[2025-04-05 03:35:27Z INFO ProcessInvokerWrapper]   Keep redirected STDIN open: 'False'
[2025-04-05 03:35:27Z INFO ProcessInvokerWrapper]   High priority process: 'False'
[2025-04-05 03:35:27Z INFO ProcessInvokerWrapper] Process started with process id 12196, waiting for process exit.
[2025-04-05 03:35:27Z INFO ProcessInvokerWrapper] STDOUT/STDERR stream read finished.
[2025-04-05 03:35:27Z INFO ProcessInvokerWrapper] STDOUT/STDERR stream read finished.
[2025-04-05 03:35:27Z INFO ProcessInvokerWrapper] Finished process 12196 with exit code 1, and elapsed time 00:00:00.2620889.
[2025-04-05 03:35:27Z INFO CreateStepSummaryCommand] Step Summary file (C:\Data\POC\gh-actions-demo\actions-runner\_work\_temp\_runner_file_commands\step_summary_f7d88ec1-7f82-459b-8254-6877c998e47a) is empty; skipping attachment upload
[2025-04-05 03:35:27Z INFO StepsRunner] Step result: Failed
[2025-04-05 03:35:27Z INFO ExecutionContext] Publish step telemetry for current step {
  "action": "powershell",
  "type": "run",
  "stage": "Main",
  "stepId": "d0b7aa65-6d82-4cba-8c31-55e79f5eff32",
  "stepContextName": "__run",
  "result": "failed",
  "errorMessages": [
    "Process completed with exit code 1."
  ],
  "executionTimeInSeconds": 1,
  "startTime": "2025-04-05T03:35:27.3075146Z",
  "finishTime": "2025-04-05T03:35:27.6554719Z"
}.
[2025-04-05 03:35:27Z INFO StepsRunner] Update job result with current step result 'Failed'.
[2025-04-05 03:35:27Z INFO StepsRunner] Current state: job state = 'Failed'
[2025-04-05 03:35:27Z INFO JobRunner] Finalize job.
[2025-04-05 03:35:27Z INFO HostContext] Well known directory 'Bin': 'C:\Data\POC\gh-actions-demo\actions-runner\bin'
[2025-04-05 03:35:27Z INFO HostContext] Well known directory 'Root': 'C:\Data\POC\gh-actions-demo\actions-runner'
[2025-04-05 03:35:27Z INFO HostContext] Well known directory 'Diag': 'C:\Data\POC\gh-actions-demo\actions-runner\_diag'
[2025-04-05 03:35:27Z INFO HostContext] Well known directory 'Bin': 'C:\Data\POC\gh-actions-demo\actions-runner\bin'
[2025-04-05 03:35:27Z INFO HostContext] Well known directory 'Root': 'C:\Data\POC\gh-actions-demo\actions-runner'
[2025-04-05 03:35:27Z INFO HostContext] Well known directory 'Diag': 'C:\Data\POC\gh-actions-demo\actions-runner\_diag'
[2025-04-05 03:35:27Z INFO JobExtension] Initialize Env context
[2025-04-05 03:35:27Z INFO JobExtension] Initialize steps context
[2025-04-05 03:35:27Z INFO JobExtension] Total accessible running process: 255.
[2025-04-05 03:35:27Z INFO ExecutionContext] Publish step telemetry for current step {
  "action": "complete_job",
  "type": "runner",
  "stage": "Post",
  "stepId": "70ea3ed9-d94c-4e33-acb4-1e888c2e02dc",
  "result": "succeeded",
  "errorMessages": [],
  "executionTimeInSeconds": 1,
  "startTime": "2025-04-05T03:35:27.6621904Z",
  "finishTime": "2025-04-05T03:35:27.6766111Z"
}.
[2025-04-05 03:35:27Z INFO JobRunner] Job result after all job steps finish: Failed
[2025-04-05 03:35:27Z INFO JobRunner] Completing the job execution context.
[2025-04-05 03:35:27Z INFO JobRunner] Shutting down the job server queue.
[2025-04-05 03:35:27Z INFO JobServerQueue] Fire signal to shutdown all queues.
[2025-04-05 03:35:28Z INFO ResultServer] Successfully started websocket client.
[2025-04-05 03:35:28Z INFO JobServerQueue] Try to append 1 batches web console lines for record 'a31f608b-ac21-41ce-acfd-7aa59e6209a0', success rate: 1/1.
[2025-04-05 03:35:28Z INFO JobServerQueue] Try to append 1 batches web console lines for record 'd0b7aa65-6d82-4cba-8c31-55e79f5eff32', success rate: 1/1.
[2025-04-05 03:35:28Z INFO JobServerQueue] Job timeline record has been updated for the first time.
[2025-04-05 03:35:29Z INFO JobServerQueue] All queue process task stopped.
[2025-04-05 03:35:29Z INFO JobServerQueue] Try to append 1 batches web console lines for record 'd0b7aa65-6d82-4cba-8c31-55e79f5eff32', success rate: 1/1.
[2025-04-05 03:35:29Z INFO JobServerQueue] Try to append 1 batches web console lines for record '70ea3ed9-d94c-4e33-acb4-1e888c2e02dc', success rate: 1/1.
[2025-04-05 03:35:29Z INFO JobServerQueue] Web console line queue drained.
[2025-04-05 03:35:29Z INFO JobServerQueue] Uploading 4 files in one shot.
[2025-04-05 03:35:29Z INFO JobServerQueue] Try to upload 4 log files or attachments, success rate: 4/4.
[2025-04-05 03:35:29Z INFO JobServerQueue] File upload queue drained.
[2025-04-05 03:35:29Z INFO JobServerQueue] Starting results-based upload queue...
[2025-04-05 03:35:29Z INFO JobServerQueue] Uploading 4 file(s) in one shot through results service.
[2025-04-05 03:35:29Z INFO JobServerQueue] Got a step log file to send to results service.
[2025-04-05 03:35:29Z INFO JobServerQueue] Starting upload of step log file to results service ResultsLog, C:\Data\POC\gh-actions-demo\actions-runner\_diag\blocks\1e9fb8d2-39dd-4636-bccb-994df8c88046_a31f608b-ac21-41ce-acfd-7aa59e6209a0.1
[2025-04-05 03:35:30Z INFO JobServerQueue] Got a step log file to send to results service.
[2025-04-05 03:35:30Z INFO JobServerQueue] Starting upload of step log file to results service ResultsLog, C:\Data\POC\gh-actions-demo\actions-runner\_diag\blocks\1e9fb8d2-39dd-4636-bccb-994df8c88046_d0b7aa65-6d82-4cba-8c31-55e79f5eff32.1
[2025-04-05 03:35:31Z INFO JobServerQueue] Got a step log file to send to results service.
[2025-04-05 03:35:31Z INFO JobServerQueue] Starting upload of step log file to results service ResultsLog, C:\Data\POC\gh-actions-demo\actions-runner\_diag\blocks\1e9fb8d2-39dd-4636-bccb-994df8c88046_70ea3ed9-d94c-4e33-acb4-1e888c2e02dc.1
[2025-04-05 03:35:32Z INFO JobServerQueue] Got a job log file to send to results service.
[2025-04-05 03:35:32Z INFO JobServerQueue] Starting upload of job log file to results service ResultsLog, C:\Data\POC\gh-actions-demo\actions-runner\_diag\blocks\1e9fb8d2-39dd-4636-bccb-994df8c88046_2a6ced03-20a8-5efb-8ce7-53b69da1bb9a.1
[2025-04-05 03:35:33Z INFO JobServerQueue] Tried to upload 4 file(s) to results, success rate: 4/4.
[2025-04-05 03:35:33Z INFO JobServerQueue] Results upload queue drained.
[2025-04-05 03:35:33Z INFO JobServerQueue] Timeline update queue drained.
[2025-04-05 03:35:33Z INFO JobServerQueue] Disposing job server ...
[2025-04-05 03:35:33Z INFO JobServerQueue] Disposing results server ...
[2025-04-05 03:35:33Z INFO JobServerQueue] All queue process tasks have been stopped, and all queues are drained.
[2025-04-05 03:35:33Z INFO TempDirectoryManager] Cleaning runner temp folder: C:\Data\POC\gh-actions-demo\actions-runner\_work\_temp
[2025-04-05 03:35:33Z INFO HostContext] Well known directory 'Bin': 'C:\Data\POC\gh-actions-demo\actions-runner\bin'
[2025-04-05 03:35:33Z INFO HostContext] Well known directory 'Root': 'C:\Data\POC\gh-actions-demo\actions-runner'
[2025-04-05 03:35:33Z INFO HostContext] Well known directory 'Diag': 'C:\Data\POC\gh-actions-demo\actions-runner\_diag'
[2025-04-05 03:35:33Z INFO HostContext] Well known config file 'Telemetry': 'C:\Data\POC\gh-actions-demo\actions-runner\_diag\.telemetry'
[2025-04-05 03:35:33Z INFO JobRunner] Raising job completed against run service
[2025-04-05 03:35:34Z INFO Worker] Job completed.
