[2025-04-05 03:35:10Z INFO HostContext] No proxy settings were found based on environmental variables (http_proxy/https_proxy/HTTP_PROXY/HTTPS_PROXY)
[2025-04-05 03:35:10Z INFO HostContext] Well known directory 'Bin': 'C:\Data\POC\gh-actions-demo\actions-runner\bin'
[2025-04-05 03:35:10Z INFO HostContext] Well known directory 'Root': 'C:\Data\POC\gh-actions-demo\actions-runner'
[2025-04-05 03:35:10Z INFO HostContext] Well known config file 'Credentials': 'C:\Data\POC\gh-actions-demo\actions-runner\.credentials'
[2025-04-05 03:35:11Z INFO HostContext] Well known directory 'Bin': 'C:\Data\POC\gh-actions-demo\actions-runner\bin'
[2025-04-05 03:35:11Z INFO HostContext] Well known directory 'Root': 'C:\Data\POC\gh-actions-demo\actions-runner'
[2025-04-05 03:35:11Z INFO HostContext] Well known config file 'Runner': 'C:\Data\POC\gh-actions-demo\actions-runner\.runner'
[2025-04-05 03:35:11Z INFO Worker] Version: 2.323.0
[2025-04-05 03:35:11Z INFO Worker] Commit: d8b82f44a9ec0258904d5869ae683c31d5aac299
[2025-04-05 03:35:11Z INFO Worker] Culture: en-US
[2025-04-05 03:35:11Z INFO Worker] UI Culture: en-US
[2025-04-05 03:35:11Z INFO Worker] Waiting to receive the job message from the channel.
[2025-04-05 03:35:11Z INFO ProcessChannel] Receiving message of length 18068, with hash 'fefd5fc280f482e2176c3c86587fbbdbf7e4a62309fd20f6c9cd69738c0dd4c7'
[2025-04-05 03:35:11Z INFO Worker] Message received.
[2025-04-05 03:35:11Z INFO Worker] Job message:
 {
  "fileTable": [
    ".github/workflows/playground.yml"
  ],
  "mask": [
    {
      "type": "regex",
      "value": "***"
    },
    {
      "type": "regex",
      "value": "***"
    },
    {
      "type": "regex",
      "value": "***"
    },
    {
      "type": "regex",
      "value": "***"
    },
    {
      "type": "regex",
      "value": "***"
    },
    {
      "type": "regex",
      "value": "***"
    },
    {
      "type": "regex",
      "value": "***"
    },
    {
      "type": "regex",
      "value": "***"
    },
    {
      "type": "regex",
      "value": "***"
    },
    {
      "type": "regex",
      "value": "***"
    },
    {
      "type": "regex",
      "value": "***"
    },
    {
      "type": "regex",
      "value": "***"
    },
    {
      "type": "regex",
      "value": "***"
    },
    {
      "type": "regex",
      "value": "***"
    },
    {
      "type": "regex",
      "value": "***"
    },
    {
      "type": "regex",
      "value": "***"
    },
    {
      "type": "regex",
      "value": "***"
    },
    {
      "type": "regex",
      "value": "***"
    }
  ],
  "steps": [
    {
      "type": "action",
      "reference": {
        "type": "script"
      },
      "displayNameToken": {
        "type": 0,
        "file": 1,
        "line": 10,
        "col": 15,
        "lit": "Run a multi-line script"
      },
      "contextName": "__run",
      "inputs": {
        "type": 2,
        "map": [
          {
            "key": "script",
            "value": {
              "type": 0,
              "file": 1,
              "line": 11,
              "col": 14,
              "lit": "echo \"=== Java Version ===\"\njava -version\necho \"\\n=== Java Location ===\"\nwhich java\necho \"\\n=== Java Home ===\"\necho $JAVA_HOME\n"
            }
          }
        ]
      },
      "condition": "success()",
      "id": "51128cfc-55a1-44f6-9dbc-70da427a127c",
      "name": "__run"
    },
    {
      "type": "action",
      "reference": {
        "type": "repository",
        "name": "actions/setup-java",
        "ref": "v4",
        "repositoryType": "GitHub"
      },
      "displayNameToken": {
        "type": 0,
        "file": 1,
        "line": 19,
        "col": 15,
        "lit": "Set up JDK 21"
      },
      "contextName": "__actions_setup-java",
      "inputs": {
        "type": 2,
        "file": 1,
        "line": 22,
        "col": 11,
        "map": [
          {
            "key": {
              "type": 0,
              "file": 1,
              "line": 22,
              "col": 11,
              "lit": "java-version"
            },
            "value": {
              "type": 0,
              "file": 1,
              "line": 22,
              "col": 25,
              "lit": "21"
            }
          },
          {
            "key": {
              "type": 0,
              "file": 1,
              "line": 23,
              "col": 11,
              "lit": "distribution"
            },
            "value": {
              "type": 0,
              "file": 1,
              "line": 23,
              "col": 25,
              "lit": "temurin"
            }
          }
        ]
      },
      "condition": "success()",
      "id": "8f22070c-782c-4aa3-9525-8bf4a2f88bda",
      "name": "__actions_setup-java"
    },
    {
      "type": "action",
      "reference": {
        "type": "script"
      },
      "displayNameToken": {
        "type": 0,
        "file": 1,
        "line": 25,
        "col": 15,
        "lit": "Run a multi-line script"
      },
      "contextName": "__run_2",
      "inputs": {
        "type": 2,
        "map": [
          {
            "key": "script",
            "value": {
              "type": 0,
              "file": 1,
              "line": 26,
              "col": 14,
              "lit": "echo \"=== Java Version ===\"\njava -version\necho \"\\n=== Java Location ===\"\nwhich java\necho \"\\n=== Java Home ===\"\necho $JAVA_HOME\n"
            }
          }
        ]
      },
      "condition": "success()",
      "id": "d7549eb5-a7be-4e5b-ba26-b5dae6b7494f",
      "name": "__run_2"
    }
  ],
  "variables": {
    "Actions.EnableHttpRedirects": {
      "value": "true"
    },
    "DistributedTask.AddWarningToNode12Action": {
      "value": "true"
    },
    "DistributedTask.AddWarningToNode16Action": {
      "value": "true"
    },
    "DistributedTask.AllowRunnerContainerHooks": {
      "value": "true"
    },
    "DistributedTask.DeprecateStepOutputCommands": {
      "value": "true"
    },
    "DistributedTask.DetailUntarFailure": {
      "value": "true"
    },
    "DistributedTask.EnableCompositeActions": {
      "value": "true"
    },
    "DistributedTask.EnableJobServerQueueTelemetry": {
      "value": "true"
    },
    "DistributedTask.EnhancedAnnotations": {
      "value": "true"
    },
    "DistributedTask.ForceGithubJavascriptActionsToNode16": {
      "value": "true"
    },
    "DistributedTask.ForceGithubJavascriptActionsToNode20": {
      "value": "true"
    },
    "DistributedTask.LogTemplateErrorsAsDebugMessages": {
      "value": "true"
    },
    "DistributedTask.MarkJobAsFailedOnWorkerCrash": {
      "value": "true"
    },
    "DistributedTask.NewActionMetadata": {
      "value": "true"
    },
    "DistributedTask.UploadStepSummary": {
      "value": "true"
    },
    "DistributedTask.UseActionArchiveCache": {
      "value": "true"
    },
    "DistributedTask.UseWhich2": {
      "value": "true"
    },
    "RunService.FixEmbeddedIssues": {
      "value": "true"
    },
    "actions_skip_retry_complete_job_upon_known_errors": {
      "value": "true"
    },
    "actions_uses_cache_service_v2": {
      "value": "true"
    },
    "github_token": {
      "value": "***",
      "isSecret": true
    },
    "system.from_run_service": {
      "value": "true"
    },
    "system.github.job": {
      "value": "inspect-java"
    },
    "system.github.launch_endpoint": {
      "value": "https://launch.actions.githubusercontent.com"
    },
    "system.github.results_endpoint": {
      "value": "https://results-receiver.actions.githubusercontent.com/"
    },
    "system.github.results_upload_with_sdk": {
      "value": "true"
    },
    "system.github.token": {
      "value": "***",
      "isSecret": true
    },
    "system.github.token.permissions": {
      "value": "{\"Contents\":\"read\",\"Metadata\":\"read\",\"Packages\":\"read\"}"
    },
    "system.orchestrationId": {
      "value": "1e9fb8d2-39dd-4636-bccb-994df8c88046.inspect-java.__default"
    },
    "system.phaseDisplayName": {
      "value": "inspect-java"
    },
    "system.runner.lowdiskspacethreshold": {
      "value": "100"
    },
    "system.runnerEnvironment": {
      "value": "self-hosted"
    }
  },
  "messageType": "RunnerJobRequest",
  "plan": {
    "scopeIdentifier": "00000000-0000-0000-0000-000000000000",
    "planType": "actions",
    "version": 0,
    "planId": "1e9fb8d2-39dd-4636-bccb-994df8c88046",
    "planGroup": null,
    "artifactUri": null,
    "artifactLocation": null,
    "definition": null,
    "owner": null
  },
  "timeline": {
    "id": "1e9fb8d2-39dd-4636-bccb-994df8c88046",
    "changeId": 0,
    "location": null
  },
  "jobId": "c51b64de-b576-5683-b868-81f6793ed1d7",
  "jobDisplayName": "inspect-java",
  "jobName": "__default",
  "requestId": 0,
  "lockedUntil": "0001-01-01T00:00:00",
  "resources": {
    "endpoints": [
      {
        "data": {
          "ServerId": "",
          "ServerName": "",
          "CacheServerUrl": "https://acghubeus2.actions.githubusercontent.com/XkvLCCXnjnWwesLx468jYRF1YXRddlB38WaaJ525dyU56rFu4C/",
          "FeedStreamUrl": "wss://results-receiver.actions.githubusercontent.com/_ws/ingest.sock",
          "ResultsServiceUrl": "https://results-receiver.actions.githubusercontent.com/",
          "PipelinesServiceUrl": "https://pipelinesghubeus24.actions.githubusercontent.com/XkvLCCXnjnWwesLx468jYRF1YXRddlB38WaaJ525dyU56rFu4C/",
          "GenerateIdTokenUrl": ""
        },
        "name": "SystemVssConnection",
        "url": "https://run-actions-1-azure-eastus.actions.githubusercontent.com/59/",
        "authorization": {
          "parameters": {
            "AccessToken": "***"
          },
          "scheme": "OAuth"
        },
        "isShared": false,
        "isReady": true
      }
    ]
  },
  "contextData": {
    "github": {
      "t": 2,
      "d": [
        {
          "k": "ref",
          "v": "refs/heads/main"
        },
        {
          "k": "sha",
          "v": "15a0c08651544d7128e6836141707a9e28400280"
        },
        {
          "k": "repository",
          "v": "padmanaresh1986/gh-actions-demo"
        },
        {
          "k": "repository_owner",
          "v": "padmanaresh1986"
        },
        {
          "k": "repository_owner_id",
          "v": "62786871"
        },
        {
          "k": "repositoryUrl",
          "v": "git://github.com/padmanaresh1986/gh-actions-demo.git"
        },
        {
          "k": "run_id",
          "v": "14278008458"
        },
        {
          "k": "run_number",
          "v": "10"
        },
        {
          "k": "retention_days",
          "v": "90"
        },
        {
          "k": "run_attempt",
          "v": "1"
        },
        {
          "k": "artifact_cache_size_limit",
          "v": "10"
        },
        {
          "k": "repository_visibility",
          "v": "public"
        },
        {
          "k": "actor_id",
          "v": "62786871"
        },
        {
          "k": "actor",
          "v": "padmanaresh1986"
        },
        {
          "k": "workflow",
          "v": "Playground"
        },
        {
          "k": "head_ref",
          "v": ""
        },
        {
          "k": "base_ref",
          "v": ""
        },
        {
          "k": "event_name",
          "v": "workflow_dispatch"
        },
        {
          "k": "server_url",
          "v": "https://github.com"
        },
        {
          "k": "api_url",
          "v": "https://api.github.com"
        },
        {
          "k": "graphql_url",
          "v": "https://api.github.com/graphql"
        },
        {
          "k": "ref_name",
          "v": "main"
        },
        {
          "k": "ref_protected",
          "v": false
        },
        {
          "k": "ref_type",
          "v": "branch"
        },
        {
          "k": "secret_source",
          "v": "Actions"
        },
        {
          "k": "event",
          "v": {
            "t": 2,
            "d": [
              {
                "k": "inputs",
                "v": null
              },
              {
                "k": "ref",
                "v": "refs/heads/main"
              },
              {
                "k": "repository",
                "v": {
                  "t": 2,
                  "d": [
                    {
                      "k": "allow_forking",
                      "v": true
                    },
                    {
                      "k": "archive_url",
                      "v": "https://api.github.com/repos/padmanaresh1986/gh-actions-demo/{archive_format}{/ref}"
                    },
                    {
                      "k": "archived",
                      "v": false
                    },
                    {
                      "k": "assignees_url",
                      "v": "https://api.github.com/repos/padmanaresh1986/gh-actions-demo/assignees{/user}"
                    },
                    {
                      "k": "blobs_url",
                      "v": "https://api.github.com/repos/padmanaresh1986/gh-actions-demo/git/blobs{/sha}"
                    },
                    {
                      "k": "branches_url",
                      "v": "https://api.github.com/repos/padmanaresh1986/gh-actions-demo/branches{/branch}"
                    },
                    {
                      "k": "clone_url",
                      "v": "https://github.com/padmanaresh1986/gh-actions-demo.git"
                    },
                    {
                      "k": "collaborators_url",
                      "v": "https://api.github.com/repos/padmanaresh1986/gh-actions-demo/collaborators{/collaborator}"
                    },
                    {
                      "k": "comments_url",
                      "v": "https://api.github.com/repos/padmanaresh1986/gh-actions-demo/comments{/number}"
                    },
                    {
                      "k": "commits_url",
                      "v": "https://api.github.com/repos/padmanaresh1986/gh-actions-demo/commits{/sha}"
                    },
                    {
                      "k": "compare_url",
                      "v": "https://api.github.com/repos/padmanaresh1986/gh-actions-demo/compare/{base}...{head}"
                    },
                    {
                      "k": "contents_url",
                      "v": "https://api.github.com/repos/padmanaresh1986/gh-actions-demo/contents/{+path}"
                    },
                    {
                      "k": "contributors_url",
                      "v": "https://api.github.com/repos/padmanaresh1986/gh-actions-demo/contributors"
                    },
                    {
                      "k": "created_at",
                      "v": "2025-04-04T12:11:21Z"
                    },
                    {
                      "k": "default_branch",
                      "v": "main"
                    },
                    {
                      "k": "deployments_url",
                      "v": "https://api.github.com/repos/padmanaresh1986/gh-actions-demo/deployments"
                    },
                    {
                      "k": "description",
                      "v": null
                    },
                    {
                      "k": "disabled",
                      "v": false
                    },
                    {
                      "k": "downloads_url",
                      "v": "https://api.github.com/repos/padmanaresh1986/gh-actions-demo/downloads"
                    },
                    {
                      "k": "events_url",
                      "v": "https://api.github.com/repos/padmanaresh1986/gh-actions-demo/events"
                    },
                    {
                      "k": "fork",
                      "v": false
                    },
                    {
                      "k": "forks",
                      "v": 0.0
                    },
                    {
                      "k": "forks_count",
                      "v": 0.0
                    },
                    {
                      "k": "forks_url",
                      "v": "https://api.github.com/repos/padmanaresh1986/gh-actions-demo/forks"
                    },
                    {
                      "k": "full_name",
                      "v": "padmanaresh1986/gh-actions-demo"
                    },
                    {
                      "k": "git_commits_url",
                      "v": "https://api.github.com/repos/padmanaresh1986/gh-actions-demo/git/commits{/sha}"
                    },
                    {
                      "k": "git_refs_url",
                      "v": "https://api.github.com/repos/padmanaresh1986/gh-actions-demo/git/refs{/sha}"
                    },
                    {
                      "k": "git_tags_url",
                      "v": "https://api.github.com/repos/padmanaresh1986/gh-actions-demo/git/tags{/sha}"
                    },
                    {
                      "k": "git_url",
                      "v": "git://github.com/padmanaresh1986/gh-actions-demo.git"
                    },
                    {
                      "k": "has_discussions",
                      "v": false
                    },
                    {
                      "k": "has_downloads",
                      "v": true
                    },
                    {
                      "k": "has_issues",
                      "v": true
                    },
                    {
                      "k": "has_pages",
                      "v": false
                    },
                    {
                      "k": "has_projects",
                      "v": true
                    },
                    {
                      "k": "has_wiki",
                      "v": true
                    },
                    {
                      "k": "homepage",
                      "v": null
                    },
                    {
                      "k": "hooks_url",
                      "v": "https://api.github.com/repos/padmanaresh1986/gh-actions-demo/hooks"
                    },
                    {
                      "k": "html_url",
                      "v": "https://github.com/padmanaresh1986/gh-actions-demo"
                    },
                    {
                      "k": "id",
                      "v": 960424209.0
                    },
                    {
                      "k": "is_template",
                      "v": false
                    },
                    {
                      "k": "issue_comment_url",
                      "v": "https://api.github.com/repos/padmanaresh1986/gh-actions-demo/issues/comments{/number}"
                    },
                    {
                      "k": "issue_events_url",
                      "v": "https://api.github.com/repos/padmanaresh1986/gh-actions-demo/issues/events{/number}"
                    },
                    {
                      "k": "issues_url",
                      "v": "https://api.github.com/repos/padmanaresh1986/gh-actions-demo/issues{/number}"
                    },
                    {
                      "k": "keys_url",
                      "v": "https://api.github.com/repos/padmanaresh1986/gh-actions-demo/keys{/key_id}"
                    },
                    {
                      "k": "labels_url",
                      "v": "https://api.github.com/repos/padmanaresh1986/gh-actions-demo/labels{/name}"
                    },
                    {
                      "k": "language",
                      "v": null
                    },
                    {
                      "k": "languages_url",
                      "v": "https://api.github.com/repos/padmanaresh1986/gh-actions-demo/languages"
                    },
                    {
                      "k": "license",
                      "v": null
                    },
                    {
                      "k": "merges_url",
                      "v": "https://api.github.com/repos/padmanaresh1986/gh-actions-demo/merges"
                    },
                    {
                      "k": "milestones_url",
                      "v": "https://api.github.com/repos/padmanaresh1986/gh-actions-demo/milestones{/number}"
                    },
                    {
                      "k": "mirror_url",
                      "v": null
                    },
                    {
                      "k": "name",
                      "v": "gh-actions-demo"
                    },
                    {
                      "k": "node_id",
                      "v": "R_kgDOOT7pEQ"
                    },
                    {
                      "k": "notifications_url",
                      "v": "https://api.github.com/repos/padmanaresh1986/gh-actions-demo/notifications{?since,all,participating}"
                    },
                    {
                      "k": "open_issues",
                      "v": 0.0
                    },
                    {
                      "k": "open_issues_count",
                      "v": 0.0
                    },
                    {
                      "k": "owner",
                      "v": {
                        "t": 2,
                        "d": [
                          {
                            "k": "avatar_url",
                            "v": "https://avatars.githubusercontent.com/u/62786871?v=4"
                          },
                          {
                            "k": "events_url",
                            "v": "https://api.github.com/users/padmanaresh1986/events{/privacy}"
                          },
                          {
                            "k": "followers_url",
                            "v": "https://api.github.com/users/padmanaresh1986/followers"
                          },
                          {
                            "k": "following_url",
                            "v": "https://api.github.com/users/padmanaresh1986/following{/other_user}"
                          },
                          {
                            "k": "gists_url",
                            "v": "https://api.github.com/users/padmanaresh1986/gists{/gist_id}"
                          },
                          {
                            "k": "gravatar_id",
                            "v": ""
                          },
                          {
                            "k": "html_url",
                            "v": "https://github.com/padmanaresh1986"
                          },
                          {
                            "k": "id",
                            "v": 62786871.0
                          },
                          {
                            "k": "login",
                            "v": "padmanaresh1986"
                          },
                          {
                            "k": "node_id",
                            "v": "MDQ6VXNlcjYyNzg2ODcx"
                          },
                          {
                            "k": "organizations_url",
                            "v": "https://api.github.com/users/padmanaresh1986/orgs"
                          },
                          {
                            "k": "received_events_url",
                            "v": "https://api.github.com/users/padmanaresh1986/received_events"
                          },
                          {
                            "k": "repos_url",
                            "v": "https://api.github.com/users/padmanaresh1986/repos"
                          },
                          {
                            "k": "site_admin",
                            "v": false
                          },
                          {
                            "k": "starred_url",
                            "v": "https://api.github.com/users/padmanaresh1986/starred{/owner}{/repo}"
                          },
                          {
                            "k": "subscriptions_url",
                            "v": "https://api.github.com/users/padmanaresh1986/subscriptions"
                          },
                          {
                            "k": "type",
                            "v": "User"
                          },
                          {
                            "k": "url",
                            "v": "https://api.github.com/users/padmanaresh1986"
                          },
                          {
                            "k": "user_view_type",
                            "v": "public"
                          }
                        ]
                      }
                    },
                    {
                      "k": "private",
                      "v": false
                    },
                    {
                      "k": "pulls_url",
                      "v": "https://api.github.com/repos/padmanaresh1986/gh-actions-demo/pulls{/number}"
                    },
                    {
                      "k": "pushed_at",
                      "v": "2025-04-05T03:33:57Z"
                    },
                    {
                      "k": "releases_url",
                      "v": "https://api.github.com/repos/padmanaresh1986/gh-actions-demo/releases{/id}"
                    },
                    {
                      "k": "size",
                      "v": 22.0
                    },
                    {
                      "k": "ssh_url",
                      "v": "git@github.com:padmanaresh1986/gh-actions-demo.git"
                    },
                    {
                      "k": "stargazers_count",
                      "v": 0.0
                    },
                    {
                      "k": "stargazers_url",
                      "v": "https://api.github.com/repos/padmanaresh1986/gh-actions-demo/stargazers"
                    },
                    {
                      "k": "statuses_url",
                      "v": "https://api.github.com/repos/padmanaresh1986/gh-actions-demo/statuses/{sha}"
                    },
                    {
                      "k": "subscribers_url",
                      "v": "https://api.github.com/repos/padmanaresh1986/gh-actions-demo/subscribers"
                    },
                    {
                      "k": "subscription_url",
                      "v": "https://api.github.com/repos/padmanaresh1986/gh-actions-demo/subscription"
                    },
                    {
                      "k": "svn_url",
                      "v": "https://github.com/padmanaresh1986/gh-actions-demo"
                    },
                    {
                      "k": "tags_url",
                      "v": "https://api.github.com/repos/padmanaresh1986/gh-actions-demo/tags"
                    },
                    {
                      "k": "teams_url",
                      "v": "https://api.github.com/repos/padmanaresh1986/gh-actions-demo/teams"
                    },
                    {
                      "k": "topics",
                      "v": {
                        "t": 1
                      }
                    },
                    {
                      "k": "trees_url",
                      "v": "https://api.github.com/repos/padmanaresh1986/gh-actions-demo/git/trees{/sha}"
                    },
                    {
                      "k": "updated_at",
                      "v": "2025-04-05T03:34:00Z"
                    },
                    {
                      "k": "url",
                      "v": "https://api.github.com/repos/padmanaresh1986/gh-actions-demo"
                    },
                    {
                      "k": "visibility",
                      "v": "public"
                    },
                    {
                      "k": "watchers",
                      "v": 0.0
                    },
                    {
                      "k": "watchers_count",
                      "v": 0.0
                    },
                    {
                      "k": "web_commit_signoff_required",
                      "v": false
                    }
                  ]
                }
              },
              {
                "k": "sender",
                "v": {
                  "t": 2,
                  "d": [
                    {
                      "k": "avatar_url",
                      "v": "https://avatars.githubusercontent.com/u/62786871?v=4"
                    },
                    {
                      "k": "events_url",
                      "v": "https://api.github.com/users/padmanaresh1986/events{/privacy}"
                    },
                    {
                      "k": "followers_url",
                      "v": "https://api.github.com/users/padmanaresh1986/followers"
                    },
                    {
                      "k": "following_url",
                      "v": "https://api.github.com/users/padmanaresh1986/following{/other_user}"
                    },
                    {
                      "k": "gists_url",
                      "v": "https://api.github.com/users/padmanaresh1986/gists{/gist_id}"
                    },
                    {
                      "k": "gravatar_id",
                      "v": ""
                    },
                    {
                      "k": "html_url",
                      "v": "https://github.com/padmanaresh1986"
                    },
                    {
                      "k": "id",
                      "v": 62786871.0
                    },
                    {
                      "k": "login",
                      "v": "padmanaresh1986"
                    },
                    {
                      "k": "node_id",
                      "v": "MDQ6VXNlcjYyNzg2ODcx"
                    },
                    {
                      "k": "organizations_url",
                      "v": "https://api.github.com/users/padmanaresh1986/orgs"
                    },
                    {
                      "k": "received_events_url",
                      "v": "https://api.github.com/users/padmanaresh1986/received_events"
                    },
                    {
                      "k": "repos_url",
                      "v": "https://api.github.com/users/padmanaresh1986/repos"
                    },
                    {
                      "k": "site_admin",
                      "v": false
                    },
                    {
                      "k": "starred_url",
                      "v": "https://api.github.com/users/padmanaresh1986/starred{/owner}{/repo}"
                    },
                    {
                      "k": "subscriptions_url",
                      "v": "https://api.github.com/users/padmanaresh1986/subscriptions"
                    },
                    {
                      "k": "type",
                      "v": "User"
                    },
                    {
                      "k": "url",
                      "v": "https://api.github.com/users/padmanaresh1986"
                    },
                    {
                      "k": "user_view_type",
                      "v": "public"
                    }
                  ]
                }
              },
              {
                "k": "workflow",
                "v": ".github/workflows/playground.yml"
              }
            ]
          }
        },
        {
          "k": "workflow_ref",
          "v": "padmanaresh1986/gh-actions-demo/.github/workflows/playground.yml@refs/heads/main"
        },
        {
          "k": "workflow_sha",
          "v": "15a0c08651544d7128e6836141707a9e28400280"
        },
        {
          "k": "repository_id",
          "v": "960424209"
        },
        {
          "k": "triggering_actor",
          "v": "padmanaresh1986"
        }
      ]
    },
    "inputs": {
      "t": 2
    },
    "matrix": null,
    "needs": {
      "t": 2
    },
    "strategy": {
      "t": 2,
      "d": [
        {
          "k": "fail-fast",
          "v": true
        },
        {
          "k": "job-index",
          "v": 0.0
        },
        {
          "k": "job-total",
          "v": 1.0
        },
        {
          "k": "max-parallel",
          "v": 1.0
        }
      ]
    },
    "vars": {
      "t": 2
    }
  },
  "billingOwnerId": "U_kgDOA74NNw"
}
[2025-04-05 03:35:11Z INFO JobRunner] Job ID c51b64de-b576-5683-b868-81f6793ed1d7
[2025-04-05 03:35:11Z INFO ConfigurationStore] currentAssemblyLocation: C:\Data\POC\gh-actions-demo\actions-runner\bin\Runner.Worker.dll
[2025-04-05 03:35:11Z INFO HostContext] Well known directory 'Bin': 'C:\Data\POC\gh-actions-demo\actions-runner\bin'
[2025-04-05 03:35:11Z INFO ConfigurationStore] binPath: C:\Data\POC\gh-actions-demo\actions-runner\bin
[2025-04-05 03:35:11Z INFO HostContext] Well known directory 'Bin': 'C:\Data\POC\gh-actions-demo\actions-runner\bin'
[2025-04-05 03:35:11Z INFO HostContext] Well known directory 'Root': 'C:\Data\POC\gh-actions-demo\actions-runner'
[2025-04-05 03:35:11Z INFO ConfigurationStore] RootFolder: C:\Data\POC\gh-actions-demo\actions-runner
[2025-04-05 03:35:11Z INFO HostContext] Well known directory 'Bin': 'C:\Data\POC\gh-actions-demo\actions-runner\bin'
[2025-04-05 03:35:11Z INFO HostContext] Well known directory 'Root': 'C:\Data\POC\gh-actions-demo\actions-runner'
[2025-04-05 03:35:11Z INFO HostContext] Well known config file 'Runner': 'C:\Data\POC\gh-actions-demo\actions-runner\.runner'
[2025-04-05 03:35:11Z INFO ConfigurationStore] ConfigFilePath: C:\Data\POC\gh-actions-demo\actions-runner\.runner
[2025-04-05 03:35:11Z INFO HostContext] Well known directory 'Bin': 'C:\Data\POC\gh-actions-demo\actions-runner\bin'
[2025-04-05 03:35:11Z INFO HostContext] Well known directory 'Root': 'C:\Data\POC\gh-actions-demo\actions-runner'
[2025-04-05 03:35:11Z INFO HostContext] Well known config file 'MigratedRunner': 'C:\Data\POC\gh-actions-demo\actions-runner\.runner_migrated'
[2025-04-05 03:35:11Z INFO ConfigurationStore] MigratedConfigFilePath: C:\Data\POC\gh-actions-demo\actions-runner\.runner_migrated
[2025-04-05 03:35:11Z INFO HostContext] Well known directory 'Bin': 'C:\Data\POC\gh-actions-demo\actions-runner\bin'
[2025-04-05 03:35:11Z INFO HostContext] Well known directory 'Root': 'C:\Data\POC\gh-actions-demo\actions-runner'
[2025-04-05 03:35:11Z INFO HostContext] Well known config file 'Credentials': 'C:\Data\POC\gh-actions-demo\actions-runner\.credentials'
[2025-04-05 03:35:11Z INFO ConfigurationStore] CredFilePath: C:\Data\POC\gh-actions-demo\actions-runner\.credentials
[2025-04-05 03:35:11Z INFO HostContext] Well known directory 'Bin': 'C:\Data\POC\gh-actions-demo\actions-runner\bin'
[2025-04-05 03:35:11Z INFO HostContext] Well known directory 'Root': 'C:\Data\POC\gh-actions-demo\actions-runner'
[2025-04-05 03:35:11Z INFO HostContext] Well known config file 'MigratedCredentials': 'C:\Data\POC\gh-actions-demo\actions-runner\.credentials_migrated'
[2025-04-05 03:35:11Z INFO ConfigurationStore] MigratedCredFilePath: C:\Data\POC\gh-actions-demo\actions-runner\.credentials_migrated
[2025-04-05 03:35:11Z INFO HostContext] Well known directory 'Bin': 'C:\Data\POC\gh-actions-demo\actions-runner\bin'
[2025-04-05 03:35:11Z INFO HostContext] Well known directory 'Root': 'C:\Data\POC\gh-actions-demo\actions-runner'
[2025-04-05 03:35:11Z INFO HostContext] Well known config file 'Service': 'C:\Data\POC\gh-actions-demo\actions-runner\.service'
[2025-04-05 03:35:11Z INFO ConfigurationStore] ServiceConfigFilePath: C:\Data\POC\gh-actions-demo\actions-runner\.service
[2025-04-05 03:35:11Z INFO ConfigurationStore] Read setting file: 321 chars
[2025-04-05 03:35:11Z INFO JobRunner] Initializing launch client
[2025-04-05 03:35:11Z INFO JobServerQueue] Initializing results client
[2025-04-05 03:35:11Z INFO ResultServer] Creating websocket client ...wss://results-receiver.actions.githubusercontent.com/_ws/ingest.sock
[2025-04-05 03:35:11Z INFO ResultServer] Attempting to start websocket client with delay 00:00:00.
[2025-04-05 03:35:11Z INFO JobServerQueue] Start process web console line queue.
[2025-04-05 03:35:11Z INFO JobServerQueue] Start process file upload queue.
[2025-04-05 03:35:11Z INFO JobServerQueue] Start results file upload queue.
[2025-04-05 03:35:11Z INFO JobServerQueue] Starting results-based upload queue...
[2025-04-05 03:35:11Z INFO JobServerQueue] Start process timeline update queue.
[2025-04-05 03:35:11Z INFO ExecutionContext] Initialize GitHub context
[2025-04-05 03:35:11Z INFO ExecutionContext] Initialize Env context
[2025-04-05 03:35:11Z INFO HostContext] Well known directory 'Bin': 'C:\Data\POC\gh-actions-demo\actions-runner\bin'
[2025-04-05 03:35:11Z INFO HostContext] Well known directory 'Root': 'C:\Data\POC\gh-actions-demo\actions-runner'
[2025-04-05 03:35:11Z INFO HostContext] Well known directory 'Diag': 'C:\Data\POC\gh-actions-demo\actions-runner\_diag'
[2025-04-05 03:35:11Z INFO HostContext] Well known directory 'Bin': 'C:\Data\POC\gh-actions-demo\actions-runner\bin'
[2025-04-05 03:35:11Z INFO HostContext] Well known directory 'Root': 'C:\Data\POC\gh-actions-demo\actions-runner'
[2025-04-05 03:35:11Z INFO HostContext] Well known directory 'Diag': 'C:\Data\POC\gh-actions-demo\actions-runner\_diag'
[2025-04-05 03:35:11Z INFO JobRunner] Starting the job execution context.
[2025-04-05 03:35:11Z INFO HostContext] Well known directory 'Bin': 'C:\Data\POC\gh-actions-demo\actions-runner\bin'
[2025-04-05 03:35:11Z INFO HostContext] Well known directory 'Root': 'C:\Data\POC\gh-actions-demo\actions-runner'
[2025-04-05 03:35:11Z INFO HostContext] Well known directory 'Work': 'C:\Data\POC\gh-actions-demo\actions-runner\_work'
[2025-04-05 03:35:11Z INFO JobRunner] Validating directory permissions for: 'C:\Data\POC\gh-actions-demo\actions-runner\_work'
[2025-04-05 03:35:11Z INFO HostContext] Well known directory 'Bin': 'C:\Data\POC\gh-actions-demo\actions-runner\bin'
[2025-04-05 03:35:11Z INFO HostContext] Well known directory 'Root': 'C:\Data\POC\gh-actions-demo\actions-runner'
[2025-04-05 03:35:11Z INFO HostContext] Well known directory 'Work': 'C:\Data\POC\gh-actions-demo\actions-runner\_work'
[2025-04-05 03:35:11Z INFO HostContext] Well known directory 'Tools': 'C:\Data\POC\gh-actions-demo\actions-runner\_work\_tool'
[2025-04-05 03:35:11Z INFO HostContext] Well known directory 'Bin': 'C:\Data\POC\gh-actions-demo\actions-runner\bin'
[2025-04-05 03:35:11Z INFO HostContext] Well known directory 'Root': 'C:\Data\POC\gh-actions-demo\actions-runner'
[2025-04-05 03:35:11Z INFO HostContext] Well known directory 'Work': 'C:\Data\POC\gh-actions-demo\actions-runner\_work'
[2025-04-05 03:35:11Z INFO HostContext] Well known directory 'Temp': 'C:\Data\POC\gh-actions-demo\actions-runner\_work\_temp'
[2025-04-05 03:35:11Z INFO JobRunner] Getting job extension.
[2025-04-05 03:35:11Z INFO JobRunner] Initialize job. Getting all job steps.
[2025-04-05 03:35:11Z INFO HostContext] Well known directory 'Bin': 'C:\Data\POC\gh-actions-demo\actions-runner\bin'
[2025-04-05 03:35:11Z INFO HostContext] Well known directory 'Root': 'C:\Data\POC\gh-actions-demo\actions-runner'
[2025-04-05 03:35:11Z INFO HostContext] Well known directory 'Diag': 'C:\Data\POC\gh-actions-demo\actions-runner\_diag'
[2025-04-05 03:35:11Z INFO HostContext] Well known directory 'Bin': 'C:\Data\POC\gh-actions-demo\actions-runner\bin'
[2025-04-05 03:35:11Z INFO HostContext] Well known directory 'Root': 'C:\Data\POC\gh-actions-demo\actions-runner'
[2025-04-05 03:35:11Z INFO HostContext] Well known directory 'Diag': 'C:\Data\POC\gh-actions-demo\actions-runner\_diag'
[2025-04-05 03:35:11Z INFO HostContext] Well known directory 'Bin': 'C:\Data\POC\gh-actions-demo\actions-runner\bin'
[2025-04-05 03:35:11Z INFO HostContext] Well known directory 'Root': 'C:\Data\POC\gh-actions-demo\actions-runner'
[2025-04-05 03:35:11Z INFO HostContext] Well known config file 'Credentials': 'C:\Data\POC\gh-actions-demo\actions-runner\.credentials'
[2025-04-05 03:35:11Z INFO HostContext] Well known directory 'Bin': 'C:\Data\POC\gh-actions-demo\actions-runner\bin'
[2025-04-05 03:35:11Z INFO HostContext] Well known directory 'Root': 'C:\Data\POC\gh-actions-demo\actions-runner'
[2025-04-05 03:35:11Z INFO HostContext] Well known config file 'SetupInfo': 'C:\Data\POC\gh-actions-demo\actions-runner\.setup_info'
[2025-04-05 03:35:11Z INFO HostContext] Well known directory 'Bin': 'C:\Data\POC\gh-actions-demo\actions-runner\bin'
[2025-04-05 03:35:11Z INFO HostContext] Well known directory 'Root': 'C:\Data\POC\gh-actions-demo\actions-runner'
[2025-04-05 03:35:11Z INFO HostContext] Well known directory 'Work': 'C:\Data\POC\gh-actions-demo\actions-runner\_work'
[2025-04-05 03:35:11Z INFO PipelineDirectoryManager] Loading tracking config if exists: C:\Data\POC\gh-actions-demo\actions-runner\_work\_PipelineMapping\padmanaresh1986/gh-actions-demo\PipelineFolder.json
[2025-04-05 03:35:11Z INFO PipelineDirectoryManager] Creating a new tracking config file.
[2025-04-05 03:35:11Z INFO HostContext] Well known directory 'Bin': 'C:\Data\POC\gh-actions-demo\actions-runner\bin'
[2025-04-05 03:35:11Z INFO HostContext] Well known directory 'Root': 'C:\Data\POC\gh-actions-demo\actions-runner'
[2025-04-05 03:35:11Z INFO HostContext] Well known directory 'Work': 'C:\Data\POC\gh-actions-demo\actions-runner\_work'
[2025-04-05 03:35:11Z INFO PipelineDirectoryManager] Creating pipeline directory.
[2025-04-05 03:35:11Z INFO HostContext] Well known directory 'Bin': 'C:\Data\POC\gh-actions-demo\actions-runner\bin'
[2025-04-05 03:35:11Z INFO HostContext] Well known directory 'Root': 'C:\Data\POC\gh-actions-demo\actions-runner'
[2025-04-05 03:35:11Z INFO HostContext] Well known directory 'Work': 'C:\Data\POC\gh-actions-demo\actions-runner\_work'
[2025-04-05 03:35:11Z INFO PipelineDirectoryManager] Creating workspace directory.
[2025-04-05 03:35:11Z INFO HostContext] Well known directory 'Bin': 'C:\Data\POC\gh-actions-demo\actions-runner\bin'
[2025-04-05 03:35:11Z INFO HostContext] Well known directory 'Root': 'C:\Data\POC\gh-actions-demo\actions-runner'
[2025-04-05 03:35:11Z INFO HostContext] Well known directory 'Work': 'C:\Data\POC\gh-actions-demo\actions-runner\_work'
[2025-04-05 03:35:11Z INFO JobExtension] Downloading actions
[2025-04-05 03:35:11Z INFO HostContext] Well known directory 'Bin': 'C:\Data\POC\gh-actions-demo\actions-runner\bin'
[2025-04-05 03:35:11Z INFO HostContext] Well known directory 'Root': 'C:\Data\POC\gh-actions-demo\actions-runner'
[2025-04-05 03:35:11Z INFO HostContext] Well known directory 'Work': 'C:\Data\POC\gh-actions-demo\actions-runner\_work'
[2025-04-05 03:35:11Z INFO HostContext] Well known directory 'Actions': 'C:\Data\POC\gh-actions-demo\actions-runner\_work\_actions'
[2025-04-05 03:35:11Z INFO Worker] Listening for cancel message from the channel.
[2025-04-05 03:35:11Z INFO Worker] Waiting for the job to complete or for a cancel message from the channel.
[2025-04-05 03:35:12Z INFO ResultServer] Successfully started websocket client.
[2025-04-05 03:35:12Z INFO JobServerQueue] Try to append 1 batches web console lines for record '592c20b0-fbd6-4483-995c-c685bbca4eb9', success rate: 1/1.
[2025-04-05 03:35:12Z INFO HostContext] Well known directory 'Bin': 'C:\Data\POC\gh-actions-demo\actions-runner\bin'
[2025-04-05 03:35:12Z INFO HostContext] Well known directory 'Root': 'C:\Data\POC\gh-actions-demo\actions-runner'
[2025-04-05 03:35:12Z INFO HostContext] Well known directory 'Work': 'C:\Data\POC\gh-actions-demo\actions-runner\_work'
[2025-04-05 03:35:12Z INFO HostContext] Well known directory 'Actions': 'C:\Data\POC\gh-actions-demo\actions-runner\_work\_actions'
[2025-04-05 03:35:12Z INFO HostContext] Well known directory 'Bin': 'C:\Data\POC\gh-actions-demo\actions-runner\bin'
[2025-04-05 03:35:12Z INFO HostContext] Well known directory 'Root': 'C:\Data\POC\gh-actions-demo\actions-runner'
[2025-04-05 03:35:12Z INFO HostContext] Well known directory 'Work': 'C:\Data\POC\gh-actions-demo\actions-runner\_work'
[2025-04-05 03:35:12Z INFO HostContext] Well known directory 'Actions': 'C:\Data\POC\gh-actions-demo\actions-runner\_work\_actions'
[2025-04-05 03:35:12Z INFO ActionManager] Save archive 'https://api.github.com/repos/actions/setup-java/zipball/3a4f6e1af504cf6a31855fa899c6aa5355ba6c12' into C:\Data\POC\gh-actions-demo\actions-runner\_work\_actions\_temp_c65ea6da-1977-4dab-88c1-07479dd02b37\cbc09abc-fcb1-4b75-b1c8-29d727668cf9.zip.
[2025-04-05 03:35:12Z INFO JobServerQueue] Try to append 1 batches web console lines for record '592c20b0-fbd6-4483-995c-c685bbca4eb9', success rate: 1/1.
[2025-04-05 03:35:12Z INFO JobServerQueue] Job timeline record has been updated for the first time.
[2025-04-05 03:35:16Z INFO ActionManager] Request URL: https://api.github.com/repos/actions/setup-java/zipball/3a4f6e1af504cf6a31855fa899c6aa5355ba6c12 X-GitHub-Request-Id: E3CD:1FB44F:207C8:1024CD:67F0A4F2 Http Status: OK
[2025-04-05 03:35:17Z INFO ActionManager] Finished getting action repository.
[2025-04-05 03:35:17Z INFO HostContext] Well known directory 'Bin': 'C:\Data\POC\gh-actions-demo\actions-runner\bin'
[2025-04-05 03:35:17Z INFO HostContext] Well known directory 'Root': 'C:\Data\POC\gh-actions-demo\actions-runner'
[2025-04-05 03:35:17Z INFO HostContext] Well known directory 'Work': 'C:\Data\POC\gh-actions-demo\actions-runner\_work'
[2025-04-05 03:35:17Z INFO HostContext] Well known directory 'Actions': 'C:\Data\POC\gh-actions-demo\actions-runner\_work\_actions'
[2025-04-05 03:35:17Z INFO ActionManifestManager] Load schema file with definitions: [
  "null",
  "boolean",
  "number",
  "string",
  "sequence",
  "mapping",
  "any",
  "action-root",
  "inputs",
  "input",
  "outputs",
  "output-definition",
  "runs",
  "container-runs",
  "container-runs-args",
  "container-runs-env",
  "node-runs",
  "plugin-runs",
  "composite-runs",
  "composite-steps",
  "composite-step",
  "run-step",
  "uses-step",
  "container-runs-context",
  "output-value",
  "input-default-context",
  "non-empty-string",
  "string-steps-context",
  "boolean-steps-context",
  "step-env",
  "step-if",
  "step-with"
]
[2025-04-05 03:35:17Z INFO HostContext] Well known directory 'Bin': 'C:\Data\POC\gh-actions-demo\actions-runner\bin'
[2025-04-05 03:35:17Z INFO HostContext] Well known directory 'Root': 'C:\Data\POC\gh-actions-demo\actions-runner'
[2025-04-05 03:35:17Z INFO HostContext] Well known directory 'Work': 'C:\Data\POC\gh-actions-demo\actions-runner\_work'
[2025-04-05 03:35:17Z INFO HostContext] Well known directory 'Actions': 'C:\Data\POC\gh-actions-demo\actions-runner\_work\_actions'
[2025-04-05 03:35:17Z INFO ActionManifestManager] Ignore action property author.
[2025-04-05 03:35:17Z INFO ActionManifestManager] Loaded action.yml file: {
  "name": "Setup Java JDK",
  "description": "Set up a specific version of the Java JDK and add the command-line tools to the PATH",
  "inputs": {
    "type": 2,
    "map": [
      {
        "key": {
          "type": 0,
          "file": 2,
          "line": 6,
          "col": 3,
          "lit": "java-version"
        },
        "value": ""
      },
      {
        "key": {
          "type": 0,
          "file": 2,
          "line": 8,
          "col": 3,
          "lit": "java-version-file"
        },
        "value": ""
      },
      {
        "key": {
          "type": 0,
          "file": 2,
          "line": 10,
          "col": 3,
          "lit": "distribution"
        },
        "value": ""
      },
      {
        "key": {
          "type": 0,
          "file": 2,
          "line": 13,
          "col": 3,
          "lit": "java-package"
        },
        "value": {
          "type": 0,
          "file": 2,
          "line": 16,
          "col": 14,
          "lit": "jdk"
        }
      },
      {
        "key": {
          "type": 0,
          "file": 2,
          "line": 17,
          "col": 3,
          "lit": "architecture"
        },
        "value": ""
      },
      {
        "key": {
          "type": 0,
          "file": 2,
          "line": 20,
          "col": 3,
          "lit": "jdkFile"
        },
        "value": ""
      },
      {
        "key": {
          "type": 0,
          "file": 2,
          "line": 23,
          "col": 3,
          "lit": "check-latest"
        },
        "value": {
          "type": 0,
          "file": 2,
          "line": 26,
          "col": 14,
          "lit": "false"
        }
      },
      {
        "key": {
          "type": 0,
          "file": 2,
          "line": 27,
          "col": 3,
          "lit": "server-id"
        },
        "value": {
          "type": 0,
          "file": 2,
          "line": 31,
          "col": 14,
          "lit": "github"
        }
      },
      {
        "key": {
          "type": 0,
          "file": 2,
          "line": 32,
          "col": 3,
          "lit": "server-username"
        },
        "value": {
          "type": 0,
          "file": 2,
          "line": 36,
          "col": 14,
          "lit": "GITHUB_ACTOR"
        }
      },
      {
        "key": {
          "type": 0,
          "file": 2,
          "line": 37,
          "col": 3,
          "lit": "server-password"
        },
        "value": {
          "type": 0,
          "file": 2,
          "line": 41,
          "col": 14,
          "lit": "GITHUB_TOKEN"
        }
      },
      {
        "key": {
          "type": 0,
          "file": 2,
          "line": 42,
          "col": 3,
          "lit": "settings-path"
        },
        "value": ""
      },
      {
        "key": {
          "type": 0,
          "file": 2,
          "line": 45,
          "col": 3,
          "lit": "overwrite-settings"
        },
        "value": {
          "type": 0,
          "file": 2,
          "line": 48,
          "col": 14,
          "lit": "true"
        }
      },
      {
        "key": {
          "type": 0,
          "file": 2,
          "line": 49,
          "col": 3,
          "lit": "gpg-private-key"
        },
        "value": ""
      },
      {
        "key": {
          "type": 0,
          "file": 2,
          "line": 52,
          "col": 3,
          "lit": "gpg-passphrase"
        },
        "value": ""
      },
      {
        "key": {
          "type": 0,
          "file": 2,
          "line": 56,
          "col": 3,
          "lit": "cache"
        },
        "value": ""
      },
      {
        "key": {
          "type": 0,
          "file": 2,
          "line": 59,
          "col": 3,
          "lit": "cache-dependency-path"
        },
        "value": ""
      },
      {
        "key": {
          "type": 0,
          "file": 2,
          "line": 62,
          "col": 3,
          "lit": "job-status"
        },
        "value": {
          "type": 3,
          "file": 2,
          "line": 64,
          "col": 14,
          "expr": "job.status"
        }
      },
      {
        "key": {
          "type": 0,
          "file": 2,
          "line": 65,
          "col": 3,
          "lit": "token"
        },
        "value": {
          "type": 3,
          "file": 2,
          "line": 67,
          "col": 14,
          "expr": "github.server_url == 'https://github.com' && github.token || ''"
        }
      },
      {
        "key": {
          "type": 0,
          "file": 2,
          "line": 68,
          "col": 3,
          "lit": "mvn-toolchain-id"
        },
        "value": ""
      },
      {
        "key": {
          "type": 0,
          "file": 2,
          "line": 71,
          "col": 3,
          "lit": "mvn-toolchain-vendor"
        },
        "value": ""
      }
    ]
  },
  "execution": {
    "executionType": "nodeJS",
    "hasPre": false,
    "hasPost": true,
    "script": "dist/setup/index.js",
    "pre": null,
    "post": "dist/cleanup/index.js",
    "nodeVersion": "node20",
    "cleanupCondition": "always()",
    "initCondition": "always()"
  },
  "deprecated": null
}
[2025-04-05 03:35:17Z INFO ActionManager] Action node.js file: dist/setup/index.js, no more preparation.
[2025-04-05 03:35:17Z INFO HostContext] Well known directory 'Bin': 'C:\Data\POC\gh-actions-demo\actions-runner\bin'
[2025-04-05 03:35:17Z INFO HostContext] Well known directory 'Root': 'C:\Data\POC\gh-actions-demo\actions-runner'
[2025-04-05 03:35:17Z INFO HostContext] Well known directory 'Work': 'C:\Data\POC\gh-actions-demo\actions-runner\_work'
[2025-04-05 03:35:17Z INFO HostContext] Well known directory 'Actions': 'C:\Data\POC\gh-actions-demo\actions-runner\_work\_actions'
[2025-04-05 03:35:17Z INFO ActionManager] Load action that reference repository from 'C:\Data\POC\gh-actions-demo\actions-runner\_work\_actions\actions\setup-java\v4'
[2025-04-05 03:35:17Z INFO HostContext] Well known directory 'Bin': 'C:\Data\POC\gh-actions-demo\actions-runner\bin'
[2025-04-05 03:35:17Z INFO HostContext] Well known directory 'Root': 'C:\Data\POC\gh-actions-demo\actions-runner'
[2025-04-05 03:35:17Z INFO HostContext] Well known directory 'Work': 'C:\Data\POC\gh-actions-demo\actions-runner\_work'
[2025-04-05 03:35:17Z INFO HostContext] Well known directory 'Actions': 'C:\Data\POC\gh-actions-demo\actions-runner\_work\_actions'
[2025-04-05 03:35:17Z INFO ActionManifestManager] Ignore action property author.
[2025-04-05 03:35:17Z INFO ActionManifestManager] Loaded action.yml file: {
  "name": "Setup Java JDK",
  "description": "Set up a specific version of the Java JDK and add the command-line tools to the PATH",
  "inputs": {
    "type": 2,
    "map": [
      {
        "key": {
          "type": 0,
          "file": 2,
          "line": 6,
          "col": 3,
          "lit": "java-version"
        },
        "value": ""
      },
      {
        "key": {
          "type": 0,
          "file": 2,
          "line": 8,
          "col": 3,
          "lit": "java-version-file"
        },
        "value": ""
      },
      {
        "key": {
          "type": 0,
          "file": 2,
          "line": 10,
          "col": 3,
          "lit": "distribution"
        },
        "value": ""
      },
      {
        "key": {
          "type": 0,
          "file": 2,
          "line": 13,
          "col": 3,
          "lit": "java-package"
        },
        "value": {
          "type": 0,
          "file": 2,
          "line": 16,
          "col": 14,
          "lit": "jdk"
        }
      },
      {
        "key": {
          "type": 0,
          "file": 2,
          "line": 17,
          "col": 3,
          "lit": "architecture"
        },
        "value": ""
      },
      {
        "key": {
          "type": 0,
          "file": 2,
          "line": 20,
          "col": 3,
          "lit": "jdkFile"
        },
        "value": ""
      },
      {
        "key": {
          "type": 0,
          "file": 2,
          "line": 23,
          "col": 3,
          "lit": "check-latest"
        },
        "value": {
          "type": 0,
          "file": 2,
          "line": 26,
          "col": 14,
          "lit": "false"
        }
      },
      {
        "key": {
          "type": 0,
          "file": 2,
          "line": 27,
          "col": 3,
          "lit": "server-id"
        },
        "value": {
          "type": 0,
          "file": 2,
          "line": 31,
          "col": 14,
          "lit": "github"
        }
      },
      {
        "key": {
          "type": 0,
          "file": 2,
          "line": 32,
          "col": 3,
          "lit": "server-username"
        },
        "value": {
          "type": 0,
          "file": 2,
          "line": 36,
          "col": 14,
          "lit": "GITHUB_ACTOR"
        }
      },
      {
        "key": {
          "type": 0,
          "file": 2,
          "line": 37,
          "col": 3,
          "lit": "server-password"
        },
        "value": {
          "type": 0,
          "file": 2,
          "line": 41,
          "col": 14,
          "lit": "GITHUB_TOKEN"
        }
      },
      {
        "key": {
          "type": 0,
          "file": 2,
          "line": 42,
          "col": 3,
          "lit": "settings-path"
        },
        "value": ""
      },
      {
        "key": {
          "type": 0,
          "file": 2,
          "line": 45,
          "col": 3,
          "lit": "overwrite-settings"
        },
        "value": {
          "type": 0,
          "file": 2,
          "line": 48,
          "col": 14,
          "lit": "true"
        }
      },
      {
        "key": {
          "type": 0,
          "file": 2,
          "line": 49,
          "col": 3,
          "lit": "gpg-private-key"
        },
        "value": ""
      },
      {
        "key": {
          "type": 0,
          "file": 2,
          "line": 52,
          "col": 3,
          "lit": "gpg-passphrase"
        },
        "value": ""
      },
      {
        "key": {
          "type": 0,
          "file": 2,
          "line": 56,
          "col": 3,
          "lit": "cache"
        },
        "value": ""
      },
      {
        "key": {
          "type": 0,
          "file": 2,
          "line": 59,
          "col": 3,
          "lit": "cache-dependency-path"
        },
        "value": ""
      },
      {
        "key": {
          "type": 0,
          "file": 2,
          "line": 62,
          "col": 3,
          "lit": "job-status"
        },
        "value": {
          "type": 3,
          "file": 2,
          "line": 64,
          "col": 14,
          "expr": "job.status"
        }
      },
      {
        "key": {
          "type": 0,
          "file": 2,
          "line": 65,
          "col": 3,
          "lit": "token"
        },
        "value": {
          "type": 3,
          "file": 2,
          "line": 67,
          "col": 14,
          "expr": "github.server_url == 'https://github.com' && github.token || ''"
        }
      },
      {
        "key": {
          "type": 0,
          "file": 2,
          "line": 68,
          "col": 3,
          "lit": "mvn-toolchain-id"
        },
        "value": ""
      },
      {
        "key": {
          "type": 0,
          "file": 2,
          "line": 71,
          "col": 3,
          "lit": "mvn-toolchain-vendor"
        },
        "value": ""
      }
    ]
  },
  "execution": {
    "executionType": "nodeJS",
    "hasPre": false,
    "hasPost": true,
    "script": "dist/setup/index.js",
    "pre": null,
    "post": "dist/cleanup/index.js",
    "nodeVersion": "node20",
    "cleanupCondition": "always()",
    "initCondition": "always()"
  },
  "deprecated": null
}
[2025-04-05 03:35:17Z INFO ActionManager] Action pre node.js file: N/A.
[2025-04-05 03:35:17Z INFO ActionManager] Action node.js file: dist/setup/index.js.
[2025-04-05 03:35:17Z INFO ActionManager] Action post node.js file: dist/cleanup/index.js.
[2025-04-05 03:35:17Z INFO JobExtension] Adding .
[2025-04-05 03:35:17Z INFO JobExtension] Adding .
[2025-04-05 03:35:17Z INFO JobExtension] Adding .
[2025-04-05 03:35:17Z INFO HostContext] Well known directory 'Bin': 'C:\Data\POC\gh-actions-demo\actions-runner\bin'
[2025-04-05 03:35:17Z INFO HostContext] Well known directory 'Root': 'C:\Data\POC\gh-actions-demo\actions-runner'
[2025-04-05 03:35:17Z INFO HostContext] Well known directory 'Diag': 'C:\Data\POC\gh-actions-demo\actions-runner\_diag'
[2025-04-05 03:35:17Z INFO HostContext] Well known directory 'Bin': 'C:\Data\POC\gh-actions-demo\actions-runner\bin'
[2025-04-05 03:35:17Z INFO HostContext] Well known directory 'Root': 'C:\Data\POC\gh-actions-demo\actions-runner'
[2025-04-05 03:35:17Z INFO HostContext] Well known directory 'Diag': 'C:\Data\POC\gh-actions-demo\actions-runner\_diag'
[2025-04-05 03:35:17Z INFO HostContext] Well known directory 'Bin': 'C:\Data\POC\gh-actions-demo\actions-runner\bin'
[2025-04-05 03:35:17Z INFO HostContext] Well known directory 'Root': 'C:\Data\POC\gh-actions-demo\actions-runner'
[2025-04-05 03:35:17Z INFO HostContext] Well known directory 'Diag': 'C:\Data\POC\gh-actions-demo\actions-runner\_diag'
[2025-04-05 03:35:17Z INFO HostContext] Well known directory 'Bin': 'C:\Data\POC\gh-actions-demo\actions-runner\bin'
[2025-04-05 03:35:17Z INFO HostContext] Well known directory 'Root': 'C:\Data\POC\gh-actions-demo\actions-runner'
[2025-04-05 03:35:17Z INFO HostContext] Well known directory 'Diag': 'C:\Data\POC\gh-actions-demo\actions-runner\_diag'
[2025-04-05 03:35:17Z INFO HostContext] Well known directory 'Bin': 'C:\Data\POC\gh-actions-demo\actions-runner\bin'
[2025-04-05 03:35:17Z INFO HostContext] Well known directory 'Root': 'C:\Data\POC\gh-actions-demo\actions-runner'
[2025-04-05 03:35:17Z INFO HostContext] Well known directory 'Diag': 'C:\Data\POC\gh-actions-demo\actions-runner\_diag'
[2025-04-05 03:35:17Z INFO HostContext] Well known directory 'Bin': 'C:\Data\POC\gh-actions-demo\actions-runner\bin'
[2025-04-05 03:35:17Z INFO HostContext] Well known directory 'Root': 'C:\Data\POC\gh-actions-demo\actions-runner'
[2025-04-05 03:35:17Z INFO HostContext] Well known directory 'Diag': 'C:\Data\POC\gh-actions-demo\actions-runner\_diag'
[2025-04-05 03:35:17Z INFO JobExtension] Total accessible running process: 255.
[2025-04-05 03:35:17Z INFO HostContext] Well known directory 'Bin': 'C:\Data\POC\gh-actions-demo\actions-runner\bin'
[2025-04-05 03:35:17Z INFO HostContext] Well known directory 'Root': 'C:\Data\POC\gh-actions-demo\actions-runner'
[2025-04-05 03:35:17Z INFO HostContext] Well known directory 'Work': 'C:\Data\POC\gh-actions-demo\actions-runner\_work'
[2025-04-05 03:35:17Z INFO JobExtension] Start checking service connectivity in background.
[2025-04-05 03:35:17Z INFO ExecutionContext] Publish step telemetry for current step {
  "action": "setup_job",
  "type": "runner",
  "stage": "Pre",
  "stepId": "592c20b0-fbd6-4483-995c-c685bbca4eb9",
  "result": "succeeded",
  "errorMessages": [],
  "executionTimeInSeconds": 7,
  "startTime": "2025-04-05T03:35:11.2913604Z",
  "finishTime": "2025-04-05T03:35:17.6660181Z"
}.
[2025-04-05 03:35:17Z INFO JobRunner] Total job steps: 3.
[2025-04-05 03:35:17Z INFO JobRunner] Run all job steps.
[2025-04-05 03:35:17Z INFO StepsRunner] Processing step: DisplayName='Run a multi-line script'
[2025-04-05 03:35:17Z INFO StepsRunner] Evaluating: success()
[2025-04-05 03:35:17Z INFO StepsRunner] Result: true
[2025-04-05 03:35:17Z INFO StepsRunner] Starting the step.
[2025-04-05 03:35:17Z INFO HostContext] Well known directory 'Bin': 'C:\Data\POC\gh-actions-demo\actions-runner\bin'
[2025-04-05 03:35:17Z INFO HostContext] Well known directory 'Root': 'C:\Data\POC\gh-actions-demo\actions-runner'
[2025-04-05 03:35:17Z INFO HostContext] Well known directory 'Work': 'C:\Data\POC\gh-actions-demo\actions-runner\_work'
[2025-04-05 03:35:17Z INFO StepsRunner] Which2: 'chcp'
[2025-04-05 03:35:17Z INFO StepsRunner] Location: 'C:\WINDOWS\system32\chcp.COM'
[2025-04-05 03:35:17Z INFO ProcessInvokerWrapper] Starting process:
[2025-04-05 03:35:17Z INFO ProcessInvokerWrapper]   File name: 'C:\WINDOWS\system32\chcp.COM'
[2025-04-05 03:35:17Z INFO ProcessInvokerWrapper]   Arguments: '65001'
[2025-04-05 03:35:17Z INFO ProcessInvokerWrapper]   Working directory: 'C:\Data\POC\gh-actions-demo\actions-runner\_work'
[2025-04-05 03:35:17Z INFO ProcessInvokerWrapper]   Require exit code zero: 'False'
[2025-04-05 03:35:17Z INFO ProcessInvokerWrapper]   Encoding web name:  ; code page: ''
[2025-04-05 03:35:17Z INFO ProcessInvokerWrapper]   Force kill process on cancellation: 'False'
[2025-04-05 03:35:17Z INFO ProcessInvokerWrapper]   Redirected STDIN: 'False'
[2025-04-05 03:35:17Z INFO ProcessInvokerWrapper]   Persist current code page: 'True'
[2025-04-05 03:35:17Z INFO ProcessInvokerWrapper]   Keep redirected STDIN open: 'False'
[2025-04-05 03:35:17Z INFO ProcessInvokerWrapper]   High priority process: 'False'
[2025-04-05 03:35:17Z INFO ProcessInvokerWrapper] Process started with process id 11584, waiting for process exit.
[2025-04-05 03:35:17Z INFO ProcessInvokerWrapper] STDOUT/STDERR stream read finished.
[2025-04-05 03:35:17Z INFO ProcessInvokerWrapper] STDOUT/STDERR stream read finished.
[2025-04-05 03:35:17Z INFO ProcessInvokerWrapper] Finished process 11584 with exit code 0, and elapsed time 00:00:00.0184208.
[2025-04-05 03:35:17Z INFO StepsRunner] Successfully returned to code page 65001 (UTF8)
[2025-04-05 03:35:17Z INFO HostContext] Well known directory 'Bin': 'C:\Data\POC\gh-actions-demo\actions-runner\bin'
[2025-04-05 03:35:17Z INFO HostContext] Well known directory 'Root': 'C:\Data\POC\gh-actions-demo\actions-runner'
[2025-04-05 03:35:17Z INFO HostContext] Well known directory 'Work': 'C:\Data\POC\gh-actions-demo\actions-runner\_work'
[2025-04-05 03:35:17Z INFO HostContext] Well known directory 'Temp': 'C:\Data\POC\gh-actions-demo\actions-runner\_work\_temp'
[2025-04-05 03:35:17Z INFO ExecutionContext] Write event payload to C:\Data\POC\gh-actions-demo\actions-runner\_work\_temp\_github_workflow\event.json
[2025-04-05 03:35:17Z INFO HostContext] Well known directory 'Bin': 'C:\Data\POC\gh-actions-demo\actions-runner\bin'
[2025-04-05 03:35:17Z INFO HostContext] Well known directory 'Root': 'C:\Data\POC\gh-actions-demo\actions-runner'
[2025-04-05 03:35:17Z INFO HostContext] Well known directory 'Work': 'C:\Data\POC\gh-actions-demo\actions-runner\_work'
[2025-04-05 03:35:17Z INFO HostContext] Well known directory 'Temp': 'C:\Data\POC\gh-actions-demo\actions-runner\_work\_temp'
[2025-04-05 03:35:17Z INFO ExtensionManager] Getting extensions for interface: 'GitHub.Runner.Worker.IFileCommandExtension'
[2025-04-05 03:35:17Z INFO ExtensionManager] Creating instance: GitHub.Runner.Worker.AddPathFileCommand, Runner.Worker
[2025-04-05 03:35:17Z INFO ExtensionManager] Creating instance: GitHub.Runner.Worker.SetEnvFileCommand, Runner.Worker
[2025-04-05 03:35:17Z INFO ExtensionManager] Creating instance: GitHub.Runner.Worker.CreateStepSummaryCommand, Runner.Worker
[2025-04-05 03:35:17Z INFO ExtensionManager] Creating instance: GitHub.Runner.Worker.SaveStateFileCommand, Runner.Worker
[2025-04-05 03:35:17Z INFO ExtensionManager] Creating instance: GitHub.Runner.Worker.SetOutputFileCommand, Runner.Worker
[2025-04-05 03:35:17Z INFO ExtensionManager] Getting extensions for interface: 'GitHub.Runner.Worker.IActionCommandExtension'
[2025-04-05 03:35:17Z INFO ExtensionManager] Creating instance: GitHub.Runner.Worker.InternalPluginSetRepoPathCommandExtension, Runner.Worker
[2025-04-05 03:35:17Z INFO ExtensionManager] Creating instance: GitHub.Runner.Worker.SetEnvCommandExtension, Runner.Worker
[2025-04-05 03:35:17Z INFO ExtensionManager] Creating instance: GitHub.Runner.Worker.SetOutputCommandExtension, Runner.Worker
[2025-04-05 03:35:17Z INFO ExtensionManager] Creating instance: GitHub.Runner.Worker.SaveStateCommandExtension, Runner.Worker
[2025-04-05 03:35:17Z INFO ExtensionManager] Creating instance: GitHub.Runner.Worker.AddPathCommandExtension, Runner.Worker
[2025-04-05 03:35:17Z INFO ExtensionManager] Creating instance: GitHub.Runner.Worker.AddMaskCommandExtension, Runner.Worker
[2025-04-05 03:35:17Z INFO ExtensionManager] Creating instance: GitHub.Runner.Worker.AddMatcherCommandExtension, Runner.Worker
[2025-04-05 03:35:17Z INFO ExtensionManager] Creating instance: GitHub.Runner.Worker.RemoveMatcherCommandExtension, Runner.Worker
[2025-04-05 03:35:17Z INFO ExtensionManager] Creating instance: GitHub.Runner.Worker.WarningCommandExtension, Runner.Worker
[2025-04-05 03:35:17Z INFO ExtensionManager] Creating instance: GitHub.Runner.Worker.ErrorCommandExtension, Runner.Worker
[2025-04-05 03:35:17Z INFO ExtensionManager] Creating instance: GitHub.Runner.Worker.NoticeCommandExtension, Runner.Worker
[2025-04-05 03:35:17Z INFO ExtensionManager] Creating instance: GitHub.Runner.Worker.DebugCommandExtension, Runner.Worker
[2025-04-05 03:35:17Z INFO ExtensionManager] Creating instance: GitHub.Runner.Worker.GroupCommandExtension, Runner.Worker
[2025-04-05 03:35:17Z INFO ExtensionManager] Creating instance: GitHub.Runner.Worker.EndGroupCommandExtension, Runner.Worker
[2025-04-05 03:35:17Z INFO ExtensionManager] Creating instance: GitHub.Runner.Worker.EchoCommandExtension, Runner.Worker
[2025-04-05 03:35:17Z INFO ActionCommandManager] Register action command extension for command internal-set-repo-path
[2025-04-05 03:35:17Z INFO ActionCommandManager] Register action command extension for command set-env
[2025-04-05 03:35:17Z INFO ActionCommandManager] Register action command extension for command set-output
[2025-04-05 03:35:17Z INFO ActionCommandManager] Register action command extension for command save-state
[2025-04-05 03:35:17Z INFO ActionCommandManager] Register action command extension for command add-path
[2025-04-05 03:35:17Z INFO ActionCommandManager] Register action command extension for command add-mask
[2025-04-05 03:35:17Z INFO ActionCommandManager] Register action command extension for command add-matcher
[2025-04-05 03:35:17Z INFO ActionCommandManager] Register action command extension for command remove-matcher
[2025-04-05 03:35:17Z INFO ActionCommandManager] Register action command extension for command warning
[2025-04-05 03:35:17Z INFO ActionCommandManager] Register action command extension for command error
[2025-04-05 03:35:17Z INFO ActionCommandManager] Register action command extension for command notice
[2025-04-05 03:35:17Z INFO ActionCommandManager] Register action command extension for command debug
[2025-04-05 03:35:17Z INFO ActionCommandManager] Register action command extension for command group
[2025-04-05 03:35:17Z INFO ActionCommandManager] Register action command extension for command endgroup
[2025-04-05 03:35:17Z INFO ActionCommandManager] Register action command extension for command echo
[2025-04-05 03:35:17Z INFO ScriptHandler] Which2: 'pwsh'
[2025-04-05 03:35:17Z INFO ScriptHandler] pwsh: command not found. Make sure 'pwsh' is installed and its location included in the 'Path' environment variable.
[2025-04-05 03:35:17Z INFO ScriptHandler] Defaulting to powershell
[2025-04-05 03:35:17Z INFO ScriptHandler] Which2: 'powershell'
[2025-04-05 03:35:17Z INFO ScriptHandler] Location: 'C:\WINDOWS\System32\WindowsPowerShell\v1.0\powershell.EXE'
[2025-04-05 03:35:17Z INFO HostContext] Well known directory 'Bin': 'C:\Data\POC\gh-actions-demo\actions-runner\bin'
[2025-04-05 03:35:17Z INFO HostContext] Well known directory 'Root': 'C:\Data\POC\gh-actions-demo\actions-runner'
[2025-04-05 03:35:17Z INFO HostContext] Well known directory 'Work': 'C:\Data\POC\gh-actions-demo\actions-runner\_work'
[2025-04-05 03:35:17Z INFO HostContext] Well known directory 'Temp': 'C:\Data\POC\gh-actions-demo\actions-runner\_work\_temp'
[2025-04-05 03:35:17Z INFO ScriptHandler] Which2: 'pwsh'
[2025-04-05 03:35:17Z INFO ScriptHandler] pwsh: command not found. Make sure 'pwsh' is installed and its location included in the 'Path' environment variable.
[2025-04-05 03:35:17Z INFO ScriptHandler] Defaulting to powershell
[2025-04-05 03:35:17Z INFO ScriptHandler] Which2: 'powershell'
[2025-04-05 03:35:17Z INFO ScriptHandler] Location: 'C:\WINDOWS\System32\WindowsPowerShell\v1.0\powershell.EXE'
[2025-04-05 03:35:17Z INFO ProcessInvokerWrapper] Starting process:
[2025-04-05 03:35:17Z INFO ProcessInvokerWrapper]   File name: 'C:\WINDOWS\System32\WindowsPowerShell\v1.0\powershell.EXE'
[2025-04-05 03:35:17Z INFO ProcessInvokerWrapper]   Arguments: '-command ". 'C:\Data\POC\gh-actions-demo\actions-runner\_work\_temp\bbaf486d-82e2-4213-a695-3d2fd9966320.ps1'"'
[2025-04-05 03:35:17Z INFO ProcessInvokerWrapper]   Working directory: 'C:\Data\POC\gh-actions-demo\actions-runner\_work\gh-actions-demo\gh-actions-demo'
[2025-04-05 03:35:17Z INFO ProcessInvokerWrapper]   Require exit code zero: 'False'
[2025-04-05 03:35:17Z INFO ProcessInvokerWrapper]   Encoding web name:  ; code page: ''
[2025-04-05 03:35:17Z INFO ProcessInvokerWrapper]   Force kill process on cancellation: 'False'
[2025-04-05 03:35:17Z INFO ProcessInvokerWrapper]   Redirected STDIN: 'False'
[2025-04-05 03:35:17Z INFO ProcessInvokerWrapper]   Persist current code page: 'True'
[2025-04-05 03:35:17Z INFO ProcessInvokerWrapper]   Keep redirected STDIN open: 'False'
[2025-04-05 03:35:17Z INFO ProcessInvokerWrapper]   High priority process: 'False'
[2025-04-05 03:35:17Z INFO ProcessInvokerWrapper] Process started with process id 13108, waiting for process exit.
[2025-04-05 03:35:17Z INFO JobServerQueue] Try to append 1 batches web console lines for record '592c20b0-fbd6-4483-995c-c685bbca4eb9', success rate: 1/1.
[2025-04-05 03:35:17Z INFO JobServerQueue] Try to append 1 batches web console lines for record '51128cfc-55a1-44f6-9dbc-70da427a127c', success rate: 1/1.
[2025-04-05 03:35:18Z INFO ProcessInvokerWrapper] STDOUT/STDERR stream read finished.
[2025-04-05 03:35:18Z INFO ProcessInvokerWrapper] STDOUT/STDERR stream read finished.
[2025-04-05 03:35:18Z INFO ProcessInvokerWrapper] Finished process 13108 with exit code 1, and elapsed time 00:00:00.2744982.
[2025-04-05 03:35:18Z INFO CreateStepSummaryCommand] Step Summary file (C:\Data\POC\gh-actions-demo\actions-runner\_work\_temp\_runner_file_commands\step_summary_6165dd6a-9f72-4cad-943d-82f96582c984) is empty; skipping attachment upload
[2025-04-05 03:35:18Z INFO StepsRunner] Step result: Failed
[2025-04-05 03:35:18Z INFO JobServerQueue] Try to append 1 batches web console lines for record '51128cfc-55a1-44f6-9dbc-70da427a127c', success rate: 1/1.
[2025-04-05 03:35:18Z INFO ExecutionContext] Publish step telemetry for current step {
  "action": "powershell",
  "type": "run",
  "stage": "Main",
  "stepId": "51128cfc-55a1-44f6-9dbc-70da427a127c",
  "stepContextName": "__run",
  "result": "failed",
  "errorMessages": [
    "Process completed with exit code 1."
  ],
  "executionTimeInSeconds": 1,
  "startTime": "2025-04-05T03:35:17.6786724Z",
  "finishTime": "2025-04-05T03:35:18.0592503Z"
}.
[2025-04-05 03:35:18Z INFO StepsRunner] Update job result with current step result 'Failed'.
[2025-04-05 03:35:18Z INFO StepsRunner] Current state: job state = 'Failed'
[2025-04-05 03:35:18Z INFO StepsRunner] Processing step: DisplayName='Set up JDK 21'
[2025-04-05 03:35:18Z INFO StepsRunner] Evaluating: success()
[2025-04-05 03:35:18Z INFO StepsRunner] Result: false
[2025-04-05 03:35:18Z INFO StepsRunner] Skipping step due to condition evaluation.
[2025-04-05 03:35:18Z INFO StepsRunner] No need for updating job result with current step result 'Skipped'.
[2025-04-05 03:35:18Z INFO StepsRunner] Current state: job state = 'Failed'
[2025-04-05 03:35:18Z INFO StepsRunner] Processing step: DisplayName='Run a multi-line script'
[2025-04-05 03:35:18Z INFO StepsRunner] Evaluating: success()
[2025-04-05 03:35:18Z INFO StepsRunner] Result: false
[2025-04-05 03:35:18Z INFO StepsRunner] Skipping step due to condition evaluation.
[2025-04-05 03:35:18Z INFO StepsRunner] No need for updating job result with current step result 'Skipped'.
[2025-04-05 03:35:18Z INFO StepsRunner] Current state: job state = 'Failed'
[2025-04-05 03:35:18Z INFO JobRunner] Finalize job.
[2025-04-05 03:35:18Z INFO HostContext] Well known directory 'Bin': 'C:\Data\POC\gh-actions-demo\actions-runner\bin'
[2025-04-05 03:35:18Z INFO HostContext] Well known directory 'Root': 'C:\Data\POC\gh-actions-demo\actions-runner'
[2025-04-05 03:35:18Z INFO HostContext] Well known directory 'Diag': 'C:\Data\POC\gh-actions-demo\actions-runner\_diag'
[2025-04-05 03:35:18Z INFO HostContext] Well known directory 'Bin': 'C:\Data\POC\gh-actions-demo\actions-runner\bin'
[2025-04-05 03:35:18Z INFO HostContext] Well known directory 'Root': 'C:\Data\POC\gh-actions-demo\actions-runner'
[2025-04-05 03:35:18Z INFO HostContext] Well known directory 'Diag': 'C:\Data\POC\gh-actions-demo\actions-runner\_diag'
[2025-04-05 03:35:18Z INFO JobExtension] Initialize Env context
[2025-04-05 03:35:18Z INFO JobExtension] Initialize steps context
[2025-04-05 03:35:18Z INFO JobExtension] Total accessible running process: 255.
[2025-04-05 03:35:18Z INFO ExecutionContext] Publish step telemetry for current step {
  "action": "complete_job",
  "type": "runner",
  "stage": "Post",
  "stepId": "e4a07cd6-7dbd-4495-bda5-2fd27d4e8ee7",
  "result": "succeeded",
  "errorMessages": [],
  "executionTimeInSeconds": 1,
  "startTime": "2025-04-05T03:35:18.0662122Z",
  "finishTime": "2025-04-05T03:35:18.0760796Z"
}.
[2025-04-05 03:35:18Z INFO JobRunner] Job result after all job steps finish: Failed
[2025-04-05 03:35:18Z INFO JobRunner] Completing the job execution context.
[2025-04-05 03:35:18Z INFO JobRunner] Shutting down the job server queue.
[2025-04-05 03:35:18Z INFO JobServerQueue] Fire signal to shutdown all queues.
[2025-04-05 03:35:18Z INFO JobServerQueue] All queue process task stopped.
[2025-04-05 03:35:18Z INFO JobServerQueue] Try to append 1 batches web console lines for record 'e4a07cd6-7dbd-4495-bda5-2fd27d4e8ee7', success rate: 1/1.
[2025-04-05 03:35:18Z INFO JobServerQueue] Web console line queue drained.
[2025-04-05 03:35:18Z INFO JobServerQueue] Uploading 4 files in one shot.
[2025-04-05 03:35:18Z INFO JobServerQueue] Try to upload 4 log files or attachments, success rate: 4/4.
[2025-04-05 03:35:18Z INFO JobServerQueue] File upload queue drained.
[2025-04-05 03:35:18Z INFO JobServerQueue] Starting results-based upload queue...
[2025-04-05 03:35:18Z INFO JobServerQueue] Uploading 4 file(s) in one shot through results service.
[2025-04-05 03:35:18Z INFO JobServerQueue] Got a step log file to send to results service.
[2025-04-05 03:35:18Z INFO JobServerQueue] Starting upload of step log file to results service ResultsLog, C:\Data\POC\gh-actions-demo\actions-runner\_diag\blocks\1e9fb8d2-39dd-4636-bccb-994df8c88046_592c20b0-fbd6-4483-995c-c685bbca4eb9.1
[2025-04-05 03:35:20Z INFO JobServerQueue] Got a step log file to send to results service.
[2025-04-05 03:35:20Z INFO JobServerQueue] Starting upload of step log file to results service ResultsLog, C:\Data\POC\gh-actions-demo\actions-runner\_diag\blocks\1e9fb8d2-39dd-4636-bccb-994df8c88046_51128cfc-55a1-44f6-9dbc-70da427a127c.1
[2025-04-05 03:35:21Z INFO JobServerQueue] Got a step log file to send to results service.
[2025-04-05 03:35:21Z INFO JobServerQueue] Starting upload of step log file to results service ResultsLog, C:\Data\POC\gh-actions-demo\actions-runner\_diag\blocks\1e9fb8d2-39dd-4636-bccb-994df8c88046_e4a07cd6-7dbd-4495-bda5-2fd27d4e8ee7.1
[2025-04-05 03:35:21Z INFO JobServerQueue] Got a job log file to send to results service.
[2025-04-05 03:35:21Z INFO JobServerQueue] Starting upload of job log file to results service ResultsLog, C:\Data\POC\gh-actions-demo\actions-runner\_diag\blocks\1e9fb8d2-39dd-4636-bccb-994df8c88046_c51b64de-b576-5683-b868-81f6793ed1d7.1
[2025-04-05 03:35:22Z INFO JobServerQueue] Tried to upload 4 file(s) to results, success rate: 4/4.
[2025-04-05 03:35:22Z INFO JobServerQueue] Results upload queue drained.
[2025-04-05 03:35:23Z INFO JobServerQueue] Timeline update queue drained.
[2025-04-05 03:35:23Z INFO JobServerQueue] Disposing job server ...
[2025-04-05 03:35:23Z INFO JobServerQueue] Disposing results server ...
[2025-04-05 03:35:23Z INFO JobServerQueue] All queue process tasks have been stopped, and all queues are drained.
[2025-04-05 03:35:23Z INFO TempDirectoryManager] Cleaning runner temp folder: C:\Data\POC\gh-actions-demo\actions-runner\_work\_temp
[2025-04-05 03:35:23Z INFO HostContext] Well known directory 'Bin': 'C:\Data\POC\gh-actions-demo\actions-runner\bin'
[2025-04-05 03:35:23Z INFO HostContext] Well known directory 'Root': 'C:\Data\POC\gh-actions-demo\actions-runner'
[2025-04-05 03:35:23Z INFO HostContext] Well known directory 'Diag': 'C:\Data\POC\gh-actions-demo\actions-runner\_diag'
[2025-04-05 03:35:23Z INFO HostContext] Well known config file 'Telemetry': 'C:\Data\POC\gh-actions-demo\actions-runner\_diag\.telemetry'
[2025-04-05 03:35:23Z INFO JobRunner] Raising job completed against run service
[2025-04-05 03:35:23Z INFO Worker] Job completed.
